2026-02-02 17:20:28,322 - discord.client - WARNING - PyNaCl is not installed, voice will NOT be supported
2026-02-02 17:20:28,322 - __main__ - INFO - üöÄ D√©marrage du bot...
2026-02-02 17:20:28,323 - discord.client - INFO - logging in using static token
2026-02-02 17:20:29,019 - database - INFO - Base de donn√©es initialis√©e avec succ√®s
2026-02-02 17:20:29,021 - __main__ - INFO - ‚úÖ Base de donn√©es initialis√©e
2026-02-02 17:20:29,054 - __main__ - INFO - ‚úÖ Cog charg√©: automod
2026-02-02 17:20:29,072 - __main__ - INFO - ‚úÖ Cog charg√©: leveling
2026-02-02 17:20:29,089 - __main__ - INFO - ‚úÖ Cog charg√©: moderation
2026-02-02 17:20:29,106 - __main__ - INFO - ‚úÖ Cog charg√©: setup
2026-02-02 17:20:29,126 - __main__ - INFO - ‚úÖ Cog charg√©: tickets
2026-02-02 17:20:29,143 - __main__ - INFO - ‚úÖ Cog charg√©: utility
2026-02-02 17:20:29,617 - __main__ - INFO - ‚úÖ 29 commandes slash synchronis√©es
2026-02-02 17:20:30,154 - discord.gateway - INFO - Shard ID None has connected to Gateway (Session ID: a516b9434772e4d77f7c0aeaf043da7c).
2026-02-02 17:20:32,181 - __main__ - INFO - ==================================================
2026-02-02 17:20:32,181 - __main__ - INFO - ü§ñ Bot connect√© en tant que Bot test#3766
2026-02-02 17:20:32,181 - __main__ - INFO - üìä ID: 1467915001149915207
2026-02-02 17:20:32,182 - __main__ - INFO - üåê Serveurs: 0
2026-02-02 17:20:32,182 - __main__ - INFO - üë• Utilisateurs: 0
2026-02-02 17:20:32,182 - __main__ - INFO - ==================================================
2026-02-02 17:26:37,338 - __main__ - INFO - ‚ûï Bot ajout√© au serveur: Serveur test (ID: 1467917806959071349)
2026-02-02 17:27:59,870 - cogs.utility - INFO - bilal.sltgo a cr√©√© un sondage: combien y a t'il de pilliers de l'islam
2026-02-02 17:33:19,272 - cogs.moderation - INFO - bilal.sltgo a banni raspoutine_667 pour: Aucune raison fournie
2026-02-02 17:44:46,030 - discord.client - WARNING - PyNaCl is not installed, voice will NOT be supported
2026-02-02 17:44:46,031 - __main__ - INFO - üöÄ D√©marrage du bot...
2026-02-02 17:44:46,031 - discord.client - INFO - logging in using static token
2026-02-02 17:44:46,480 - database - INFO - Base de donn√©es initialis√©e avec succ√®s
2026-02-02 17:44:46,482 - __main__ - INFO - ‚úÖ Base de donn√©es initialis√©e
2026-02-02 17:44:46,502 - __main__ - INFO - ‚úÖ Cog charg√©: automod
2026-02-02 17:44:46,509 - __main__ - INFO - ‚úÖ Cog charg√©: leveling
2026-02-02 17:44:46,531 - __main__ - INFO - ‚úÖ Cog charg√©: moderation
2026-02-02 17:44:46,539 - __main__ - INFO - ‚úÖ Cog charg√©: setup
2026-02-02 17:44:46,546 - __main__ - INFO - ‚úÖ Cog charg√©: tickets
2026-02-02 17:44:46,553 - __main__ - INFO - ‚úÖ Cog charg√©: utility
2026-02-02 17:44:47,166 - __main__ - INFO - ‚úÖ 30 commandes slash synchronis√©es
2026-02-02 17:44:47,597 - discord.gateway - INFO - Shard ID None has connected to Gateway (Session ID: d1f0ec50b60848cdd40937b06d8f53af).
2026-02-02 17:44:49,621 - __main__ - INFO - ==================================================
2026-02-02 17:44:49,622 - __main__ - INFO - ü§ñ Bot connect√© en tant que Bot test#3766
2026-02-02 17:44:49,622 - __main__ - INFO - üìä ID: 1467915001149915207
2026-02-02 17:44:49,623 - __main__ - INFO - üåê Serveurs: 1
2026-02-02 17:44:49,623 - __main__ - INFO - üë• Utilisateurs: 3
2026-02-02 17:44:49,623 - __main__ - INFO - ==================================================
2026-02-02 17:45:07,028 - discord.client - WARNING - PyNaCl is not installed, voice will NOT be supported
2026-02-02 17:45:07,028 - __main__ - INFO - üöÄ D√©marrage du bot...
2026-02-02 17:45:07,029 - discord.client - INFO - logging in using static token
2026-02-02 17:45:07,799 - database - INFO - Base de donn√©es initialis√©e avec succ√®s
2026-02-02 17:45:07,801 - __main__ - INFO - ‚úÖ Base de donn√©es initialis√©e
2026-02-02 17:45:07,821 - __main__ - INFO - ‚úÖ Cog charg√©: automod
2026-02-02 17:45:07,830 - __main__ - INFO - ‚úÖ Cog charg√©: leveling
2026-02-02 17:45:07,838 - __main__ - INFO - ‚úÖ Cog charg√©: moderation
2026-02-02 17:45:07,847 - __main__ - INFO - ‚úÖ Cog charg√©: setup
2026-02-02 17:45:07,855 - __main__ - INFO - ‚úÖ Cog charg√©: tickets
2026-02-02 17:45:07,863 - __main__ - INFO - ‚úÖ Cog charg√©: utility
2026-02-02 18:30:22,556 - discord.client - WARNING - PyNaCl is not installed, voice will NOT be supported
2026-02-02 18:30:22,556 - __main__ - INFO - üöÄ D√©marrage du bot...
2026-02-02 18:30:22,557 - discord.client - INFO - logging in using static token
2026-02-02 18:30:23,193 - database - INFO - Base de donn√©es initialis√©e avec succ√®s
2026-02-02 18:30:23,196 - __main__ - INFO - ‚úÖ Base de donn√©es initialis√©e
2026-02-02 18:30:23,247 - __main__ - INFO - ‚úÖ Cog charg√©: analytics
2026-02-02 18:30:23,262 - __main__ - INFO - ‚úÖ Cog charg√©: automod
2026-02-02 18:30:23,294 - __main__ - INFO - ‚úÖ Cog charg√©: configuration
2026-02-02 18:30:23,305 - __main__ - ERROR - ‚ùå Erreur lors du chargement de leveling: Extension 'cogs.leveling' raised an error: CommandAlreadyRegistered: Command 'leaderboard' already registered.
2026-02-02 18:30:23,348 - __main__ - INFO - ‚úÖ Cog charg√©: moderation
2026-02-02 18:30:23,370 - __main__ - INFO - ‚úÖ Cog charg√©: security
2026-02-02 18:30:23,380 - __main__ - INFO - ‚úÖ Cog charg√©: setup
2026-02-02 18:30:23,408 - __main__ - INFO - ‚úÖ Cog charg√©: suggestions
2026-02-02 18:30:23,451 - __main__ - INFO - ‚úÖ Cog charg√©: tasks
2026-02-02 18:30:23,461 - __main__ - INFO - ‚úÖ Cog charg√©: tickets
2026-02-02 18:30:23,471 - __main__ - INFO - ‚úÖ Cog charg√©: utility
2026-02-02 18:30:24,733 - __main__ - INFO - ‚úÖ 38 commandes slash synchronis√©es
2026-02-02 18:30:25,135 - discord.gateway - INFO - Shard ID None has connected to Gateway (Session ID: 94f1e1e6b5e0934f3788cfb74eb74b02).
2026-02-02 18:30:27,142 - cogs.tasks - INFO - ‚úÖ T√¢che check_temp_actions d√©marr√©e
2026-02-02 18:30:27,143 - cogs.tasks - INFO - ‚úÖ T√¢che backup_database d√©marr√©e
2026-02-02 18:30:27,143 - __main__ - INFO - ==================================================
2026-02-02 18:30:27,143 - __main__ - INFO - ü§ñ Bot connect√© en tant que Bot test#3766
2026-02-02 18:30:27,143 - __main__ - INFO - üìä ID: 1467915001149915207
2026-02-02 18:30:27,144 - __main__ - INFO - üåê Serveurs: 1
2026-02-02 18:30:27,144 - __main__ - INFO - üë• Utilisateurs: 3
2026-02-02 18:30:27,144 - __main__ - INFO - ==================================================
2026-02-02 18:30:27,167 - cogs.tasks - INFO - ‚úÖ Backup cr√©√©: bot_backup_20260202_183027.db
2026-02-02 18:43:03,679 - cogs.configuration - INFO - bilal.sltgo a configur√© le canal de logs: g√©n√©ral
2026-02-02 18:43:21,355 - cogs.configuration - INFO - bilal.sltgo a configur√© le canal de logs: logs
2026-02-02 18:43:33,742 - cogs.moderation - INFO - bilal.sltgo a supprim√© 3 messages dans #logs
2026-02-02 18:53:25,624 - discord.client - WARNING - PyNaCl is not installed, voice will NOT be supported
2026-02-02 18:53:25,624 - __main__ - INFO - üöÄ D√©marrage du bot...
2026-02-02 18:53:25,626 - discord.client - INFO - logging in using static token
2026-02-02 18:53:26,243 - database - INFO - Base de donn√©es initialis√©e avec succ√®s
2026-02-02 18:53:26,246 - __main__ - INFO - ‚úÖ Base de donn√©es initialis√©e
2026-02-02 18:53:26,290 - __main__ - INFO - ‚úÖ Cog charg√©: analytics
2026-02-02 18:53:26,299 - __main__ - INFO - ‚úÖ Cog charg√©: automod
2026-02-02 18:53:26,309 - __main__ - INFO - ‚úÖ Cog charg√©: configuration
2026-02-02 18:53:26,319 - __main__ - INFO - ‚úÖ Cog charg√©: leveling
2026-02-02 18:53:26,358 - __main__ - INFO - ‚úÖ Cog charg√©: moderation
2026-02-02 18:53:26,366 - __main__ - INFO - ‚úÖ Cog charg√©: security
2026-02-02 18:53:26,376 - __main__ - INFO - ‚úÖ Cog charg√©: setup
2026-02-02 18:53:26,384 - __main__ - INFO - ‚úÖ Cog charg√©: suggestions
2026-02-02 18:53:26,433 - __main__ - INFO - ‚úÖ Cog charg√©: tasks
2026-02-02 18:53:26,447 - __main__ - INFO - ‚úÖ Cog charg√©: tickets
2026-02-02 18:53:26,458 - __main__ - INFO - ‚úÖ Cog charg√©: utility
2026-02-02 18:53:26,858 - __main__ - INFO - ‚úÖ 42 commandes slash synchronis√©es
2026-02-02 18:53:27,335 - discord.gateway - INFO - Shard ID None has connected to Gateway (Session ID: c666d0a0f35383f35cf28ac811d71051).
2026-02-02 18:53:29,350 - cogs.tasks - INFO - ‚úÖ T√¢che check_temp_actions d√©marr√©e
2026-02-02 18:53:29,350 - cogs.tasks - INFO - ‚úÖ T√¢che backup_database d√©marr√©e
2026-02-02 18:53:29,350 - __main__ - INFO - ==================================================
2026-02-02 18:53:29,351 - __main__ - INFO - ü§ñ Bot connect√© en tant que Bot test#3766
2026-02-02 18:53:29,351 - __main__ - INFO - üìä ID: 1467915001149915207
2026-02-02 18:53:29,351 - __main__ - INFO - üåê Serveurs: 1
2026-02-02 18:53:29,352 - __main__ - INFO - üë• Utilisateurs: 3
2026-02-02 18:53:29,352 - __main__ - INFO - ==================================================
2026-02-02 18:53:29,375 - cogs.tasks - INFO - ‚úÖ Backup cr√©√©: bot_backup_20260202_185329.db
2026-02-02 18:59:58,885 - cogs.moderation - INFO - bilal.sltgo a supprim√© 10 messages dans #logs
2026-02-02 19:00:09,814 - cogs.moderation - INFO - bilal.sltgo a supprim√© 4 messages dans #logs
2026-02-02 19:00:13,906 - cogs.configuration - INFO - bilal.sltgo a configur√© le canal de logs: logs
2026-02-02 19:00:35,487 - cogs.moderation - INFO - bilal.sltgo a supprim√© 22 messages dans #g√©n√©ral
2026-02-02 20:31:50,460 - discord.client - WARNING - PyNaCl is not installed, voice will NOT be supported
2026-02-02 20:31:50,461 - __main__ - INFO - üöÄ D√©marrage du bot...
2026-02-02 20:31:50,461 - discord.client - INFO - logging in using static token
2026-02-02 20:31:51,172 - database - INFO - Base de donn√©es initialis√©e avec succ√®s
2026-02-02 20:31:51,173 - __main__ - INFO - ‚úÖ Base de donn√©es initialis√©e
2026-02-02 20:31:51,191 - __main__ - INFO - ‚úÖ Cog charg√©: analytics
2026-02-02 20:31:51,198 - __main__ - INFO - ‚úÖ Cog charg√©: automod
2026-02-02 20:31:51,205 - __main__ - INFO - ‚úÖ Cog charg√©: configuration
2026-02-02 20:31:51,211 - __main__ - INFO - ‚úÖ Cog charg√©: leveling
2026-02-02 20:31:51,219 - __main__ - INFO - ‚úÖ Cog charg√©: moderation
2026-02-02 20:31:51,226 - __main__ - INFO - ‚úÖ Cog charg√©: security
2026-02-02 20:31:51,233 - __main__ - INFO - ‚úÖ Cog charg√©: setup
2026-02-02 20:31:51,239 - __main__ - INFO - ‚úÖ Cog charg√©: suggestions
2026-02-02 20:31:51,260 - __main__ - INFO - ‚úÖ Cog charg√©: tasks
2026-02-02 20:31:51,266 - __main__ - INFO - ‚úÖ Cog charg√©: tickets
2026-02-02 20:31:51,273 - __main__ - INFO - ‚úÖ Cog charg√©: utility
2026-02-02 20:31:51,665 - __main__ - INFO - ‚úÖ 42 commandes slash synchronis√©es
2026-02-02 20:31:52,060 - discord.gateway - INFO - Shard ID None has connected to Gateway (Session ID: c3f5bda692ca18abea6614f75253481f).
2026-02-02 20:31:52,927 - cogs.tasks - INFO - ‚úÖ T√¢che check_temp_actions d√©marr√©e
2026-02-02 20:31:52,927 - cogs.tasks - INFO - ‚úÖ T√¢che backup_database d√©marr√©e
2026-02-02 20:31:52,927 - __main__ - INFO - ==================================================
2026-02-02 20:31:52,928 - __main__ - INFO - ü§ñ Bot connect√© en tant que Bot test#3766
2026-02-02 20:31:52,928 - __main__ - INFO - üìä ID: 1467915001149915207
2026-02-02 20:31:52,928 - __main__ - INFO - üåê Serveurs: 1
2026-02-02 20:31:52,928 - __main__ - INFO - üë• Utilisateurs: 3
2026-02-02 20:31:52,929 - __main__ - INFO - ==================================================
2026-02-02 20:31:52,946 - cogs.tasks - INFO - ‚úÖ Backup cr√©√©: bot_backup_20260202_203152.db
2026-02-03 10:35:58,110 - discord.client - WARNING - PyNaCl is not installed, voice will NOT be supported
2026-02-03 10:35:58,110 - __main__ - INFO - üöÄ D√©marrage du bot...
2026-02-03 10:35:58,111 - discord.client - INFO - logging in using static token
2026-02-03 10:35:58,510 - database - INFO - Base de donn√©es initialis√©e avec succ√®s
2026-02-03 10:35:58,510 - __main__ - INFO - ‚úÖ Base de donn√©es initialis√©e
2026-02-03 10:35:58,511 - __main__ - INFO - ‚úÖ Cog charg√©: setup
2026-02-03 10:35:58,512 - __main__ - INFO - ‚úÖ Cog charg√©: suggestions
2026-02-03 10:35:58,513 - __main__ - INFO - ‚úÖ Cog charg√©: utility
2026-02-03 10:35:58,514 - __main__ - INFO - ‚úÖ Cog charg√©: moderation
2026-02-03 10:35:58,515 - __main__ - INFO - ‚úÖ Cog charg√©: security
2026-02-03 10:35:58,515 - __main__ - INFO - ‚úÖ Cog charg√©: leveling
2026-02-03 10:35:58,516 - __main__ - INFO - ‚úÖ Cog charg√©: tickets
2026-02-03 10:35:58,516 - __main__ - INFO - ‚úÖ Cog charg√©: analytics
2026-02-03 10:35:58,517 - __main__ - INFO - ‚úÖ Cog charg√©: configuration
2026-02-03 10:35:58,517 - __main__ - INFO - ‚úÖ Cog charg√©: automod
2026-02-03 10:35:58,518 - __main__ - INFO - ‚úÖ Cog charg√©: tasks
2026-02-03 10:35:59,233 - __main__ - INFO - ‚úÖ 42 commandes slash synchronis√©es
2026-02-03 10:35:59,698 - discord.gateway - INFO - Shard ID None has connected to Gateway (Session ID: ff3c6163902a6e80df19f4dd56282fd3).
2026-02-03 10:36:01,703 - cogs.tasks - INFO - ‚úÖ T√¢che check_temp_actions d√©marr√©e
2026-02-03 10:36:01,703 - cogs.tasks - INFO - ‚úÖ T√¢che backup_database d√©marr√©e
2026-02-03 10:36:01,703 - __main__ - INFO - ==================================================
2026-02-03 10:36:01,704 - __main__ - INFO - ü§ñ Bot connect√© en tant que Bot test#3766
2026-02-03 10:36:01,704 - __main__ - INFO - üìä ID: 1467915001149915207
2026-02-03 10:36:01,704 - __main__ - INFO - üåê Serveurs: 1
2026-02-03 10:36:01,704 - __main__ - INFO - üë• Utilisateurs: 3
2026-02-03 10:36:01,704 - __main__ - INFO - ==================================================
2026-02-03 10:36:01,705 - cogs.tasks - INFO - ‚úÖ Backup cr√©√©: bot_backup_20260203_103601.db
2026-02-03 10:41:40,174 - cogs.tickets - INFO - bilal.sltgo a configur√© le syst√®me de tickets dans #ticket
2026-02-03 10:41:52,854 - cogs.tickets - INFO - Ticket #1 cr√©√© par bilal.sltgo
2026-02-03 10:42:02,367 - cogs.tickets - INFO - Ticket ticket-bilalsltgo ferm√© par bilal.sltgo
2026-02-03 10:42:02,367 - discord.ui.view - ERROR - Ignoring exception in view <View timeout=None children=1> for item <Button style=<ButtonStyle.danger: 4> url=None disabled=False label='Fermer le Ticket' emoji=<PartialEmoji animated=False name='üîí' id=None> row=None sku_id=None id=None>
Traceback (most recent call last):
  File "/home/bilalsltgo/Documents/bot discord/venv/lib/python3.12/site-packages/discord/ui/view.py", line 555, in _scheduled_task
    await item.callback(interaction)
  File "/home/bilalsltgo/Documents/bot discord/cogs/tickets.py", line 75, in close_callback
    await self._close_ticket(inter, channel)
  File "/home/bilalsltgo/Documents/bot discord/cogs/tickets.py", line 113, in _close_ticket
    await channel.delete(delay=5)
          ^^^^^^^^^^^^^^^^^^^^^^^
TypeError: GuildChannel.delete() got an unexpected keyword argument 'delay'
2026-02-03 10:42:20,268 - cogs.tickets - INFO - Ticket ticket-bilalsltgo ferm√© par bilal.sltgo
2026-02-03 10:42:20,268 - discord.ui.view - ERROR - Ignoring exception in view <View timeout=None children=1> for item <Button style=<ButtonStyle.danger: 4> url=None disabled=False label='Fermer le Ticket' emoji=<PartialEmoji animated=False name='üîí' id=None> row=None sku_id=None id=None>
Traceback (most recent call last):
  File "/home/bilalsltgo/Documents/bot discord/venv/lib/python3.12/site-packages/discord/ui/view.py", line 555, in _scheduled_task
    await item.callback(interaction)
  File "/home/bilalsltgo/Documents/bot discord/cogs/tickets.py", line 75, in close_callback
    await self._close_ticket(inter, channel)
  File "/home/bilalsltgo/Documents/bot discord/cogs/tickets.py", line 113, in _close_ticket
    await channel.delete(delay=5)
          ^^^^^^^^^^^^^^^^^^^^^^^
TypeError: GuildChannel.delete() got an unexpected keyword argument 'delay'
2026-02-03 10:44:05,947 - cogs.tickets - INFO - Ticket #2 cr√©√© par bilal.sltgo
2026-02-03 10:44:11,194 - cogs.tickets - INFO - Ticket ticket-bilalsltgo ferm√© par bilal.sltgo
2026-02-03 10:44:11,204 - __main__ - ERROR - Erreur de commande slash: Command 'close' raised an exception: TypeError: GuildChannel.delete() got an unexpected keyword argument 'delay'
Traceback (most recent call last):
  File "/home/bilalsltgo/Documents/bot discord/venv/lib/python3.12/site-packages/discord/app_commands/commands.py", line 858, in _do_call
    return await self._callback(self.binding, interaction, **params)  # type: ignore
           ^^^^^^^^^^^^^^^^^^^^^^^^^^^^^^^^^^^^^^^^^^^^^^^^^^^^^^^^^
  File "/home/bilalsltgo/Documents/bot discord/cogs/tickets.py", line 204, in close_ticket
    await interaction.channel.delete(delay=5)
          ^^^^^^^^^^^^^^^^^^^^^^^^^^^^^^^^^^^
TypeError: GuildChannel.delete() got an unexpected keyword argument 'delay'

The above exception was the direct cause of the following exception:

Traceback (most recent call last):
  File "/home/bilalsltgo/Documents/bot discord/venv/lib/python3.12/site-packages/discord/app_commands/tree.py", line 1297, in _call
    await command._invoke_with_namespace(interaction, namespace)
  File "/home/bilalsltgo/Documents/bot discord/venv/lib/python3.12/site-packages/discord/app_commands/commands.py", line 884, in _invoke_with_namespace
    return await self._do_call(interaction, transformed_values)
           ^^^^^^^^^^^^^^^^^^^^^^^^^^^^^^^^^^^^^^^^^^^^^^^^^^^^
  File "/home/bilalsltgo/Documents/bot discord/venv/lib/python3.12/site-packages/discord/app_commands/commands.py", line 873, in _do_call
    raise CommandInvokeError(self, e) from e
discord.app_commands.errors.CommandInvokeError: Command 'close' raised an exception: TypeError: GuildChannel.delete() got an unexpected keyword argument 'delay'
2026-02-03 10:54:17,190 - discord.client - WARNING - PyNaCl is not installed, voice will NOT be supported
2026-02-03 10:54:17,191 - __main__ - INFO - üöÄ D√©marrage du bot...
2026-02-03 10:54:17,191 - discord.client - INFO - logging in using static token
2026-02-03 10:54:17,585 - database - INFO - Base de donn√©es initialis√©e avec succ√®s
2026-02-03 10:54:17,585 - __main__ - INFO - ‚úÖ Base de donn√©es initialis√©e
2026-02-03 10:54:17,587 - __main__ - INFO - ‚úÖ Cog charg√©: setup
2026-02-03 10:54:17,588 - __main__ - INFO - ‚úÖ Cog charg√©: suggestions
2026-02-03 10:54:17,589 - __main__ - INFO - ‚úÖ Cog charg√©: utility
2026-02-03 10:54:17,590 - __main__ - INFO - ‚úÖ Cog charg√©: moderation
2026-02-03 10:54:17,591 - __main__ - INFO - ‚úÖ Cog charg√©: security
2026-02-03 10:54:17,591 - __main__ - INFO - ‚úÖ Cog charg√©: leveling
2026-02-03 10:54:17,594 - __main__ - INFO - ‚úÖ Cog charg√©: tickets
2026-02-03 10:54:17,595 - __main__ - INFO - ‚úÖ Cog charg√©: analytics
2026-02-03 10:54:17,595 - __main__ - INFO - ‚úÖ Cog charg√©: configuration
2026-02-03 10:54:17,596 - __main__ - INFO - ‚úÖ Cog charg√©: automod
2026-02-03 10:54:17,596 - __main__ - INFO - ‚úÖ Cog charg√©: tasks
2026-02-03 10:54:19,226 - __main__ - INFO - ‚úÖ 43 commandes slash synchronis√©es
2026-02-03 10:54:20,021 - discord.gateway - INFO - Shard ID None has connected to Gateway (Session ID: 2734c491804388e8095e3d690d82aa75).
2026-02-03 10:54:22,025 - cogs.tasks - INFO - ‚úÖ T√¢che check_temp_actions d√©marr√©e
2026-02-03 10:54:22,025 - cogs.tasks - INFO - ‚úÖ T√¢che backup_database d√©marr√©e
2026-02-03 10:54:22,025 - __main__ - INFO - ==================================================
2026-02-03 10:54:22,025 - __main__ - INFO - ü§ñ Bot connect√© en tant que Bot test#3766
2026-02-03 10:54:22,025 - __main__ - INFO - üìä ID: 1467915001149915207
2026-02-03 10:54:22,025 - __main__ - INFO - üåê Serveurs: 1
2026-02-03 10:54:22,025 - __main__ - INFO - üë• Utilisateurs: 3
2026-02-03 10:54:22,025 - __main__ - INFO - ==================================================
2026-02-03 10:54:22,026 - cogs.tasks - INFO - ‚úÖ Backup cr√©√©: bot_backup_20260203_105422.db
2026-02-03 10:57:00,973 - discord.client - WARNING - PyNaCl is not installed, voice will NOT be supported
2026-02-03 10:57:00,973 - __main__ - INFO - üöÄ D√©marrage du bot...
2026-02-03 10:57:00,973 - discord.client - INFO - logging in using static token
2026-02-03 10:57:01,416 - database - INFO - Base de donn√©es initialis√©e avec succ√®s
2026-02-03 10:57:01,417 - __main__ - INFO - ‚úÖ Base de donn√©es initialis√©e
2026-02-03 10:57:01,418 - __main__ - INFO - ‚úÖ Cog charg√©: setup
2026-02-03 10:57:01,419 - __main__ - INFO - ‚úÖ Cog charg√©: suggestions
2026-02-03 10:57:01,419 - __main__ - INFO - ‚úÖ Cog charg√©: utility
2026-02-03 10:57:01,421 - __main__ - INFO - ‚úÖ Cog charg√©: moderation
2026-02-03 10:57:01,421 - __main__ - INFO - ‚úÖ Cog charg√©: security
2026-02-03 10:57:01,422 - __main__ - INFO - ‚úÖ Cog charg√©: leveling
2026-02-03 10:57:01,423 - __main__ - INFO - ‚úÖ Cog charg√©: tickets
2026-02-03 10:57:01,423 - __main__ - INFO - ‚úÖ Cog charg√©: analytics
2026-02-03 10:57:01,423 - __main__ - INFO - ‚úÖ Cog charg√©: configuration
2026-02-03 10:57:01,424 - __main__ - INFO - ‚úÖ Cog charg√©: automod
2026-02-03 10:57:01,425 - __main__ - INFO - ‚úÖ Cog charg√©: tasks
2026-02-03 10:57:01,986 - __main__ - INFO - ‚úÖ 43 commandes slash synchronis√©es
2026-02-03 10:57:02,475 - discord.gateway - INFO - Shard ID None has connected to Gateway (Session ID: 1f4e06ca9b91b8720cda950d56bfe34a).
2026-02-03 10:57:04,479 - cogs.tasks - INFO - ‚úÖ T√¢che check_temp_actions d√©marr√©e
2026-02-03 10:57:04,479 - cogs.tasks - INFO - ‚úÖ T√¢che backup_database d√©marr√©e
2026-02-03 10:57:04,479 - __main__ - INFO - ==================================================
2026-02-03 10:57:04,479 - __main__ - INFO - ü§ñ Bot connect√© en tant que Bot test#3766
2026-02-03 10:57:04,479 - __main__ - INFO - üìä ID: 1467915001149915207
2026-02-03 10:57:04,479 - __main__ - INFO - üåê Serveurs: 1
2026-02-03 10:57:04,479 - __main__ - INFO - üë• Utilisateurs: 3
2026-02-03 10:57:04,479 - __main__ - INFO - ==================================================
2026-02-03 10:57:04,480 - cogs.tasks - INFO - ‚úÖ Backup cr√©√©: bot_backup_20260203_105704.db
2026-02-03 10:58:43,479 - discord.client - ERROR - Attempting a reconnect in 0.99s
Traceback (most recent call last):
  File "/home/bilalsltgo/Documents/bot discord/venv/lib/python3.12/site-packages/aiohttp/connector.py", line 1562, in _create_direct_connection
    hosts = await self._resolve_host(host, port, traces=traces)
            ^^^^^^^^^^^^^^^^^^^^^^^^^^^^^^^^^^^^^^^^^^^^^^^^^^^
  File "/home/bilalsltgo/Documents/bot discord/venv/lib/python3.12/site-packages/aiohttp/connector.py", line 1178, in _resolve_host
    return await asyncio.shield(resolved_host_task)
           ^^^^^^^^^^^^^^^^^^^^^^^^^^^^^^^^^^^^^^^^
  File "/home/bilalsltgo/Documents/bot discord/venv/lib/python3.12/site-packages/aiohttp/connector.py", line 1209, in _resolve_host_with_throttle
    addrs = await self._resolver.resolve(host, port, family=self._family)
            ^^^^^^^^^^^^^^^^^^^^^^^^^^^^^^^^^^^^^^^^^^^^^^^^^^^^^^^^^^^^^
  File "/home/bilalsltgo/Documents/bot discord/venv/lib/python3.12/site-packages/aiohttp/resolver.py", line 40, in resolve
    infos = await self._loop.getaddrinfo(
            ^^^^^^^^^^^^^^^^^^^^^^^^^^^^^
  File "/usr/lib/python3.12/asyncio/base_events.py", line 901, in getaddrinfo
    return await self.run_in_executor(
           ^^^^^^^^^^^^^^^^^^^^^^^^^^^
  File "/usr/lib/python3.12/concurrent/futures/thread.py", line 58, in run
    result = self.fn(*self.args, **self.kwargs)
             ^^^^^^^^^^^^^^^^^^^^^^^^^^^^^^^^^^
  File "/usr/lib/python3.12/socket.py", line 963, in getaddrinfo
    for res in _socket.getaddrinfo(host, port, family, type, proto, flags):
               ^^^^^^^^^^^^^^^^^^^^^^^^^^^^^^^^^^^^^^^^^^^^^^^^^^^^^^^^^^^
socket.gaierror: [Errno -3] Temporary failure in name resolution

The above exception was the direct cause of the following exception:

Traceback (most recent call last):
  File "/home/bilalsltgo/Documents/bot discord/venv/lib/python3.12/site-packages/discord/client.py", line 724, in connect
    self.ws = await asyncio.wait_for(coro, timeout=60.0)
              ^^^^^^^^^^^^^^^^^^^^^^^^^^^^^^^^^^^^^^^^^^
  File "/usr/lib/python3.12/asyncio/tasks.py", line 520, in wait_for
    return await fut
           ^^^^^^^^^
  File "/home/bilalsltgo/Documents/bot discord/venv/lib/python3.12/site-packages/discord/gateway.py", line 383, in from_client
    socket = await client.http.ws_connect(str(url))
             ^^^^^^^^^^^^^^^^^^^^^^^^^^^^^^^^^^^^^^
  File "/home/bilalsltgo/Documents/bot discord/venv/lib/python3.12/site-packages/discord/http.py", line 566, in ws_connect
    return await self.__session.ws_connect(url, **kwargs)
           ^^^^^^^^^^^^^^^^^^^^^^^^^^^^^^^^^^^^^^^^^^^^^^
  File "/home/bilalsltgo/Documents/bot discord/venv/lib/python3.12/site-packages/aiohttp/client.py", line 1076, in _ws_connect
    resp = await self.request(
           ^^^^^^^^^^^^^^^^^^^
  File "/home/bilalsltgo/Documents/bot discord/venv/lib/python3.12/site-packages/aiohttp/client.py", line 779, in _request
    resp = await handler(req)
           ^^^^^^^^^^^^^^^^^^
  File "/home/bilalsltgo/Documents/bot discord/venv/lib/python3.12/site-packages/aiohttp/client.py", line 734, in _connect_and_send_request
    conn = await self._connector.connect(
           ^^^^^^^^^^^^^^^^^^^^^^^^^^^^^^
  File "/home/bilalsltgo/Documents/bot discord/venv/lib/python3.12/site-packages/aiohttp/connector.py", line 672, in connect
    proto = await self._create_connection(req, traces, timeout)
            ^^^^^^^^^^^^^^^^^^^^^^^^^^^^^^^^^^^^^^^^^^^^^^^^^^^
  File "/home/bilalsltgo/Documents/bot discord/venv/lib/python3.12/site-packages/aiohttp/connector.py", line 1239, in _create_connection
    _, proto = await self._create_direct_connection(req, traces, timeout)
               ^^^^^^^^^^^^^^^^^^^^^^^^^^^^^^^^^^^^^^^^^^^^^^^^^^^^^^^^^^
  File "/home/bilalsltgo/Documents/bot discord/venv/lib/python3.12/site-packages/aiohttp/connector.py", line 1568, in _create_direct_connection
    raise ClientConnectorDNSError(req.connection_key, exc) from exc
aiohttp.client_exceptions.ClientConnectorDNSError: Cannot connect to host gateway-us-east1-b.discord.gg:443 ssl:default [Temporary failure in name resolution]
2026-02-03 10:58:44,484 - discord.client - ERROR - Attempting a reconnect in 2.82s
Traceback (most recent call last):
  File "/home/bilalsltgo/Documents/bot discord/venv/lib/python3.12/site-packages/aiohttp/connector.py", line 1562, in _create_direct_connection
    hosts = await self._resolve_host(host, port, traces=traces)
            ^^^^^^^^^^^^^^^^^^^^^^^^^^^^^^^^^^^^^^^^^^^^^^^^^^^
  File "/home/bilalsltgo/Documents/bot discord/venv/lib/python3.12/site-packages/aiohttp/connector.py", line 1178, in _resolve_host
    return await asyncio.shield(resolved_host_task)
           ^^^^^^^^^^^^^^^^^^^^^^^^^^^^^^^^^^^^^^^^
  File "/home/bilalsltgo/Documents/bot discord/venv/lib/python3.12/site-packages/aiohttp/connector.py", line 1209, in _resolve_host_with_throttle
    addrs = await self._resolver.resolve(host, port, family=self._family)
            ^^^^^^^^^^^^^^^^^^^^^^^^^^^^^^^^^^^^^^^^^^^^^^^^^^^^^^^^^^^^^
  File "/home/bilalsltgo/Documents/bot discord/venv/lib/python3.12/site-packages/aiohttp/resolver.py", line 40, in resolve
    infos = await self._loop.getaddrinfo(
            ^^^^^^^^^^^^^^^^^^^^^^^^^^^^^
  File "/usr/lib/python3.12/asyncio/base_events.py", line 901, in getaddrinfo
    return await self.run_in_executor(
           ^^^^^^^^^^^^^^^^^^^^^^^^^^^
  File "/usr/lib/python3.12/concurrent/futures/thread.py", line 58, in run
    result = self.fn(*self.args, **self.kwargs)
             ^^^^^^^^^^^^^^^^^^^^^^^^^^^^^^^^^^
  File "/usr/lib/python3.12/socket.py", line 963, in getaddrinfo
    for res in _socket.getaddrinfo(host, port, family, type, proto, flags):
               ^^^^^^^^^^^^^^^^^^^^^^^^^^^^^^^^^^^^^^^^^^^^^^^^^^^^^^^^^^^
socket.gaierror: [Errno -3] Temporary failure in name resolution

The above exception was the direct cause of the following exception:

Traceback (most recent call last):
  File "/home/bilalsltgo/Documents/bot discord/venv/lib/python3.12/site-packages/discord/client.py", line 724, in connect
    self.ws = await asyncio.wait_for(coro, timeout=60.0)
              ^^^^^^^^^^^^^^^^^^^^^^^^^^^^^^^^^^^^^^^^^^
  File "/usr/lib/python3.12/asyncio/tasks.py", line 520, in wait_for
    return await fut
           ^^^^^^^^^
  File "/home/bilalsltgo/Documents/bot discord/venv/lib/python3.12/site-packages/discord/gateway.py", line 383, in from_client
    socket = await client.http.ws_connect(str(url))
             ^^^^^^^^^^^^^^^^^^^^^^^^^^^^^^^^^^^^^^
  File "/home/bilalsltgo/Documents/bot discord/venv/lib/python3.12/site-packages/discord/http.py", line 566, in ws_connect
    return await self.__session.ws_connect(url, **kwargs)
           ^^^^^^^^^^^^^^^^^^^^^^^^^^^^^^^^^^^^^^^^^^^^^^
  File "/home/bilalsltgo/Documents/bot discord/venv/lib/python3.12/site-packages/aiohttp/client.py", line 1076, in _ws_connect
    resp = await self.request(
           ^^^^^^^^^^^^^^^^^^^
  File "/home/bilalsltgo/Documents/bot discord/venv/lib/python3.12/site-packages/aiohttp/client.py", line 779, in _request
    resp = await handler(req)
           ^^^^^^^^^^^^^^^^^^
  File "/home/bilalsltgo/Documents/bot discord/venv/lib/python3.12/site-packages/aiohttp/client.py", line 734, in _connect_and_send_request
    conn = await self._connector.connect(
           ^^^^^^^^^^^^^^^^^^^^^^^^^^^^^^
  File "/home/bilalsltgo/Documents/bot discord/venv/lib/python3.12/site-packages/aiohttp/connector.py", line 672, in connect
    proto = await self._create_connection(req, traces, timeout)
            ^^^^^^^^^^^^^^^^^^^^^^^^^^^^^^^^^^^^^^^^^^^^^^^^^^^
  File "/home/bilalsltgo/Documents/bot discord/venv/lib/python3.12/site-packages/aiohttp/connector.py", line 1239, in _create_connection
    _, proto = await self._create_direct_connection(req, traces, timeout)
               ^^^^^^^^^^^^^^^^^^^^^^^^^^^^^^^^^^^^^^^^^^^^^^^^^^^^^^^^^^
  File "/home/bilalsltgo/Documents/bot discord/venv/lib/python3.12/site-packages/aiohttp/connector.py", line 1568, in _create_direct_connection
    raise ClientConnectorDNSError(req.connection_key, exc) from exc
aiohttp.client_exceptions.ClientConnectorDNSError: Cannot connect to host gateway-us-east1-b.discord.gg:443 ssl:default [Temporary failure in name resolution]
2026-02-03 10:58:45,758 - discord.client - ERROR - Attempting a reconnect in 0.22s
Traceback (most recent call last):
  File "/home/bilalsltgo/Documents/bot discord/venv/lib/python3.12/site-packages/aiohttp/connector.py", line 1562, in _create_direct_connection
    hosts = await self._resolve_host(host, port, traces=traces)
            ^^^^^^^^^^^^^^^^^^^^^^^^^^^^^^^^^^^^^^^^^^^^^^^^^^^
  File "/home/bilalsltgo/Documents/bot discord/venv/lib/python3.12/site-packages/aiohttp/connector.py", line 1178, in _resolve_host
    return await asyncio.shield(resolved_host_task)
           ^^^^^^^^^^^^^^^^^^^^^^^^^^^^^^^^^^^^^^^^
  File "/home/bilalsltgo/Documents/bot discord/venv/lib/python3.12/site-packages/aiohttp/connector.py", line 1209, in _resolve_host_with_throttle
    addrs = await self._resolver.resolve(host, port, family=self._family)
            ^^^^^^^^^^^^^^^^^^^^^^^^^^^^^^^^^^^^^^^^^^^^^^^^^^^^^^^^^^^^^
  File "/home/bilalsltgo/Documents/bot discord/venv/lib/python3.12/site-packages/aiohttp/resolver.py", line 40, in resolve
    infos = await self._loop.getaddrinfo(
            ^^^^^^^^^^^^^^^^^^^^^^^^^^^^^
  File "/usr/lib/python3.12/asyncio/base_events.py", line 901, in getaddrinfo
    return await self.run_in_executor(
           ^^^^^^^^^^^^^^^^^^^^^^^^^^^
  File "/usr/lib/python3.12/concurrent/futures/thread.py", line 58, in run
    result = self.fn(*self.args, **self.kwargs)
             ^^^^^^^^^^^^^^^^^^^^^^^^^^^^^^^^^^
  File "/usr/lib/python3.12/socket.py", line 963, in getaddrinfo
    for res in _socket.getaddrinfo(host, port, family, type, proto, flags):
               ^^^^^^^^^^^^^^^^^^^^^^^^^^^^^^^^^^^^^^^^^^^^^^^^^^^^^^^^^^^
socket.gaierror: [Errno -3] Temporary failure in name resolution

The above exception was the direct cause of the following exception:

Traceback (most recent call last):
  File "/home/bilalsltgo/Documents/bot discord/venv/lib/python3.12/site-packages/discord/client.py", line 724, in connect
    self.ws = await asyncio.wait_for(coro, timeout=60.0)
              ^^^^^^^^^^^^^^^^^^^^^^^^^^^^^^^^^^^^^^^^^^
  File "/usr/lib/python3.12/asyncio/tasks.py", line 520, in wait_for
    return await fut
           ^^^^^^^^^
  File "/home/bilalsltgo/Documents/bot discord/venv/lib/python3.12/site-packages/discord/gateway.py", line 383, in from_client
    socket = await client.http.ws_connect(str(url))
             ^^^^^^^^^^^^^^^^^^^^^^^^^^^^^^^^^^^^^^
  File "/home/bilalsltgo/Documents/bot discord/venv/lib/python3.12/site-packages/discord/http.py", line 566, in ws_connect
    return await self.__session.ws_connect(url, **kwargs)
           ^^^^^^^^^^^^^^^^^^^^^^^^^^^^^^^^^^^^^^^^^^^^^^
  File "/home/bilalsltgo/Documents/bot discord/venv/lib/python3.12/site-packages/aiohttp/client.py", line 1076, in _ws_connect
    resp = await self.request(
           ^^^^^^^^^^^^^^^^^^^
  File "/home/bilalsltgo/Documents/bot discord/venv/lib/python3.12/site-packages/aiohttp/client.py", line 779, in _request
    resp = await handler(req)
           ^^^^^^^^^^^^^^^^^^
  File "/home/bilalsltgo/Documents/bot discord/venv/lib/python3.12/site-packages/aiohttp/client.py", line 734, in _connect_and_send_request
    conn = await self._connector.connect(
           ^^^^^^^^^^^^^^^^^^^^^^^^^^^^^^
  File "/home/bilalsltgo/Documents/bot discord/venv/lib/python3.12/site-packages/aiohttp/connector.py", line 672, in connect
    proto = await self._create_connection(req, traces, timeout)
            ^^^^^^^^^^^^^^^^^^^^^^^^^^^^^^^^^^^^^^^^^^^^^^^^^^^
  File "/home/bilalsltgo/Documents/bot discord/venv/lib/python3.12/site-packages/aiohttp/connector.py", line 1239, in _create_connection
    _, proto = await self._create_direct_connection(req, traces, timeout)
               ^^^^^^^^^^^^^^^^^^^^^^^^^^^^^^^^^^^^^^^^^^^^^^^^^^^^^^^^^^
  File "/home/bilalsltgo/Documents/bot discord/venv/lib/python3.12/site-packages/aiohttp/connector.py", line 1568, in _create_direct_connection
    raise ClientConnectorDNSError(req.connection_key, exc) from exc
aiohttp.client_exceptions.ClientConnectorDNSError: Cannot connect to host gateway-us-east1-d.discord.gg:443 ssl:default [Temporary failure in name resolution]
2026-02-03 10:58:45,987 - discord.client - ERROR - Attempting a reconnect in 2.87s
Traceback (most recent call last):
  File "/home/bilalsltgo/Documents/bot discord/venv/lib/python3.12/site-packages/aiohttp/connector.py", line 1562, in _create_direct_connection
    hosts = await self._resolve_host(host, port, traces=traces)
            ^^^^^^^^^^^^^^^^^^^^^^^^^^^^^^^^^^^^^^^^^^^^^^^^^^^
  File "/home/bilalsltgo/Documents/bot discord/venv/lib/python3.12/site-packages/aiohttp/connector.py", line 1178, in _resolve_host
    return await asyncio.shield(resolved_host_task)
           ^^^^^^^^^^^^^^^^^^^^^^^^^^^^^^^^^^^^^^^^
  File "/home/bilalsltgo/Documents/bot discord/venv/lib/python3.12/site-packages/aiohttp/connector.py", line 1209, in _resolve_host_with_throttle
    addrs = await self._resolver.resolve(host, port, family=self._family)
            ^^^^^^^^^^^^^^^^^^^^^^^^^^^^^^^^^^^^^^^^^^^^^^^^^^^^^^^^^^^^^
  File "/home/bilalsltgo/Documents/bot discord/venv/lib/python3.12/site-packages/aiohttp/resolver.py", line 40, in resolve
    infos = await self._loop.getaddrinfo(
            ^^^^^^^^^^^^^^^^^^^^^^^^^^^^^
  File "/usr/lib/python3.12/asyncio/base_events.py", line 901, in getaddrinfo
    return await self.run_in_executor(
           ^^^^^^^^^^^^^^^^^^^^^^^^^^^
  File "/usr/lib/python3.12/concurrent/futures/thread.py", line 58, in run
    result = self.fn(*self.args, **self.kwargs)
             ^^^^^^^^^^^^^^^^^^^^^^^^^^^^^^^^^^
  File "/usr/lib/python3.12/socket.py", line 963, in getaddrinfo
    for res in _socket.getaddrinfo(host, port, family, type, proto, flags):
               ^^^^^^^^^^^^^^^^^^^^^^^^^^^^^^^^^^^^^^^^^^^^^^^^^^^^^^^^^^^
socket.gaierror: [Errno -3] Temporary failure in name resolution

The above exception was the direct cause of the following exception:

Traceback (most recent call last):
  File "/home/bilalsltgo/Documents/bot discord/venv/lib/python3.12/site-packages/discord/client.py", line 724, in connect
    self.ws = await asyncio.wait_for(coro, timeout=60.0)
              ^^^^^^^^^^^^^^^^^^^^^^^^^^^^^^^^^^^^^^^^^^
  File "/usr/lib/python3.12/asyncio/tasks.py", line 520, in wait_for
    return await fut
           ^^^^^^^^^
  File "/home/bilalsltgo/Documents/bot discord/venv/lib/python3.12/site-packages/discord/gateway.py", line 383, in from_client
    socket = await client.http.ws_connect(str(url))
             ^^^^^^^^^^^^^^^^^^^^^^^^^^^^^^^^^^^^^^
  File "/home/bilalsltgo/Documents/bot discord/venv/lib/python3.12/site-packages/discord/http.py", line 566, in ws_connect
    return await self.__session.ws_connect(url, **kwargs)
           ^^^^^^^^^^^^^^^^^^^^^^^^^^^^^^^^^^^^^^^^^^^^^^
  File "/home/bilalsltgo/Documents/bot discord/venv/lib/python3.12/site-packages/aiohttp/client.py", line 1076, in _ws_connect
    resp = await self.request(
           ^^^^^^^^^^^^^^^^^^^
  File "/home/bilalsltgo/Documents/bot discord/venv/lib/python3.12/site-packages/aiohttp/client.py", line 779, in _request
    resp = await handler(req)
           ^^^^^^^^^^^^^^^^^^
  File "/home/bilalsltgo/Documents/bot discord/venv/lib/python3.12/site-packages/aiohttp/client.py", line 734, in _connect_and_send_request
    conn = await self._connector.connect(
           ^^^^^^^^^^^^^^^^^^^^^^^^^^^^^^
  File "/home/bilalsltgo/Documents/bot discord/venv/lib/python3.12/site-packages/aiohttp/connector.py", line 672, in connect
    proto = await self._create_connection(req, traces, timeout)
            ^^^^^^^^^^^^^^^^^^^^^^^^^^^^^^^^^^^^^^^^^^^^^^^^^^^
  File "/home/bilalsltgo/Documents/bot discord/venv/lib/python3.12/site-packages/aiohttp/connector.py", line 1239, in _create_connection
    _, proto = await self._create_direct_connection(req, traces, timeout)
               ^^^^^^^^^^^^^^^^^^^^^^^^^^^^^^^^^^^^^^^^^^^^^^^^^^^^^^^^^^
  File "/home/bilalsltgo/Documents/bot discord/venv/lib/python3.12/site-packages/aiohttp/connector.py", line 1568, in _create_direct_connection
    raise ClientConnectorDNSError(req.connection_key, exc) from exc
aiohttp.client_exceptions.ClientConnectorDNSError: Cannot connect to host gateway-us-east1-d.discord.gg:443 ssl:default [Temporary failure in name resolution]
2026-02-03 10:58:47,312 - discord.client - ERROR - Attempting a reconnect in 7.19s
Traceback (most recent call last):
  File "/home/bilalsltgo/Documents/bot discord/venv/lib/python3.12/site-packages/aiohttp/connector.py", line 1562, in _create_direct_connection
    hosts = await self._resolve_host(host, port, traces=traces)
            ^^^^^^^^^^^^^^^^^^^^^^^^^^^^^^^^^^^^^^^^^^^^^^^^^^^
  File "/home/bilalsltgo/Documents/bot discord/venv/lib/python3.12/site-packages/aiohttp/connector.py", line 1178, in _resolve_host
    return await asyncio.shield(resolved_host_task)
           ^^^^^^^^^^^^^^^^^^^^^^^^^^^^^^^^^^^^^^^^
  File "/home/bilalsltgo/Documents/bot discord/venv/lib/python3.12/site-packages/aiohttp/connector.py", line 1209, in _resolve_host_with_throttle
    addrs = await self._resolver.resolve(host, port, family=self._family)
            ^^^^^^^^^^^^^^^^^^^^^^^^^^^^^^^^^^^^^^^^^^^^^^^^^^^^^^^^^^^^^
  File "/home/bilalsltgo/Documents/bot discord/venv/lib/python3.12/site-packages/aiohttp/resolver.py", line 40, in resolve
    infos = await self._loop.getaddrinfo(
            ^^^^^^^^^^^^^^^^^^^^^^^^^^^^^
  File "/usr/lib/python3.12/asyncio/base_events.py", line 901, in getaddrinfo
    return await self.run_in_executor(
           ^^^^^^^^^^^^^^^^^^^^^^^^^^^
  File "/usr/lib/python3.12/concurrent/futures/thread.py", line 58, in run
    result = self.fn(*self.args, **self.kwargs)
             ^^^^^^^^^^^^^^^^^^^^^^^^^^^^^^^^^^
  File "/usr/lib/python3.12/socket.py", line 963, in getaddrinfo
    for res in _socket.getaddrinfo(host, port, family, type, proto, flags):
               ^^^^^^^^^^^^^^^^^^^^^^^^^^^^^^^^^^^^^^^^^^^^^^^^^^^^^^^^^^^
socket.gaierror: [Errno -3] Temporary failure in name resolution

The above exception was the direct cause of the following exception:

Traceback (most recent call last):
  File "/home/bilalsltgo/Documents/bot discord/venv/lib/python3.12/site-packages/discord/client.py", line 724, in connect
    self.ws = await asyncio.wait_for(coro, timeout=60.0)
              ^^^^^^^^^^^^^^^^^^^^^^^^^^^^^^^^^^^^^^^^^^
  File "/usr/lib/python3.12/asyncio/tasks.py", line 520, in wait_for
    return await fut
           ^^^^^^^^^
  File "/home/bilalsltgo/Documents/bot discord/venv/lib/python3.12/site-packages/discord/gateway.py", line 383, in from_client
    socket = await client.http.ws_connect(str(url))
             ^^^^^^^^^^^^^^^^^^^^^^^^^^^^^^^^^^^^^^
  File "/home/bilalsltgo/Documents/bot discord/venv/lib/python3.12/site-packages/discord/http.py", line 566, in ws_connect
    return await self.__session.ws_connect(url, **kwargs)
           ^^^^^^^^^^^^^^^^^^^^^^^^^^^^^^^^^^^^^^^^^^^^^^
  File "/home/bilalsltgo/Documents/bot discord/venv/lib/python3.12/site-packages/aiohttp/client.py", line 1076, in _ws_connect
    resp = await self.request(
           ^^^^^^^^^^^^^^^^^^^
  File "/home/bilalsltgo/Documents/bot discord/venv/lib/python3.12/site-packages/aiohttp/client.py", line 779, in _request
    resp = await handler(req)
           ^^^^^^^^^^^^^^^^^^
  File "/home/bilalsltgo/Documents/bot discord/venv/lib/python3.12/site-packages/aiohttp/client.py", line 734, in _connect_and_send_request
    conn = await self._connector.connect(
           ^^^^^^^^^^^^^^^^^^^^^^^^^^^^^^
  File "/home/bilalsltgo/Documents/bot discord/venv/lib/python3.12/site-packages/aiohttp/connector.py", line 672, in connect
    proto = await self._create_connection(req, traces, timeout)
            ^^^^^^^^^^^^^^^^^^^^^^^^^^^^^^^^^^^^^^^^^^^^^^^^^^^
  File "/home/bilalsltgo/Documents/bot discord/venv/lib/python3.12/site-packages/aiohttp/connector.py", line 1239, in _create_connection
    _, proto = await self._create_direct_connection(req, traces, timeout)
               ^^^^^^^^^^^^^^^^^^^^^^^^^^^^^^^^^^^^^^^^^^^^^^^^^^^^^^^^^^
  File "/home/bilalsltgo/Documents/bot discord/venv/lib/python3.12/site-packages/aiohttp/connector.py", line 1568, in _create_direct_connection
    raise ClientConnectorDNSError(req.connection_key, exc) from exc
aiohttp.client_exceptions.ClientConnectorDNSError: Cannot connect to host gateway-us-east1-b.discord.gg:443 ssl:default [Temporary failure in name resolution]
2026-02-03 10:58:49,088 - discord.gateway - INFO - Shard ID None has successfully RESUMED session 2734c491804388e8095e3d690d82aa75.
2026-02-03 10:58:54,738 - discord.gateway - INFO - Shard ID None has successfully RESUMED session 1f4e06ca9b91b8720cda950d56bfe34a.
2026-02-03 11:01:20,617 - discord.client - WARNING - PyNaCl is not installed, voice will NOT be supported
2026-02-03 11:01:20,617 - __main__ - INFO - üöÄ D√©marrage du bot...
2026-02-03 11:01:20,618 - discord.client - INFO - logging in using static token
2026-02-03 11:01:21,150 - database - INFO - Base de donn√©es initialis√©e avec succ√®s
2026-02-03 11:01:21,151 - __main__ - INFO - ‚úÖ Base de donn√©es initialis√©e
2026-02-03 11:01:21,153 - __main__ - INFO - ‚úÖ Cog charg√©: setup
2026-02-03 11:01:21,153 - __main__ - INFO - ‚úÖ Cog charg√©: suggestions
2026-02-03 11:01:21,154 - __main__ - INFO - ‚úÖ Cog charg√©: utility
2026-02-03 11:01:21,155 - __main__ - INFO - ‚úÖ Cog charg√©: moderation
2026-02-03 11:01:21,156 - __main__ - INFO - ‚úÖ Cog charg√©: security
2026-02-03 11:01:21,156 - __main__ - INFO - ‚úÖ Cog charg√©: leveling
2026-02-03 11:01:21,157 - __main__ - INFO - ‚úÖ Cog charg√©: tickets
2026-02-03 11:01:21,157 - __main__ - INFO - ‚úÖ Cog charg√©: analytics
2026-02-03 11:01:21,158 - __main__ - INFO - ‚úÖ Cog charg√©: configuration
2026-02-03 11:01:21,158 - __main__ - INFO - ‚úÖ Cog charg√©: automod
2026-02-03 11:01:21,159 - __main__ - INFO - ‚úÖ Cog charg√©: tasks
2026-02-03 11:01:21,550 - __main__ - INFO - ‚úÖ 43 commandes slash synchronis√©es
2026-02-03 11:01:21,912 - discord.gateway - INFO - Shard ID None has connected to Gateway (Session ID: fbf3db82d442c7bc18aab69929104a22).
2026-02-03 11:01:23,917 - cogs.tasks - INFO - ‚úÖ T√¢che check_temp_actions d√©marr√©e
2026-02-03 11:01:23,917 - cogs.tasks - INFO - ‚úÖ T√¢che backup_database d√©marr√©e
2026-02-03 11:01:23,917 - __main__ - INFO - ==================================================
2026-02-03 11:01:23,917 - __main__ - INFO - ü§ñ Bot connect√© en tant que Bot test#3766
2026-02-03 11:01:23,917 - __main__ - INFO - üìä ID: 1467915001149915207
2026-02-03 11:01:23,917 - __main__ - INFO - üåê Serveurs: 1
2026-02-03 11:01:23,917 - __main__ - INFO - üë• Utilisateurs: 3
2026-02-03 11:01:23,917 - __main__ - INFO - ==================================================
2026-02-03 11:01:23,918 - cogs.tasks - INFO - ‚úÖ Backup cr√©√©: bot_backup_20260203_110123.db
2026-02-03 11:16:20,871 - __main__ - ERROR - Erreur de commande slash: Command 'ticketsetup' raised an exception: NotFound: 404 Not Found (error code: 10062): Unknown interaction
Traceback (most recent call last):
  File "/home/bilalsltgo/Documents/bot discord/venv/lib/python3.12/site-packages/discord/app_commands/commands.py", line 858, in _do_call
    return await self._callback(self.binding, interaction, **params)  # type: ignore
           ^^^^^^^^^^^^^^^^^^^^^^^^^^^^^^^^^^^^^^^^^^^^^^^^^^^^^^^^^
  File "/home/bilalsltgo/Documents/bot discord/cogs/tickets.py", line 192, in ticket_setup
    await interaction.response.send_message(
  File "/home/bilalsltgo/Documents/bot discord/venv/lib/python3.12/site-packages/discord/interactions.py", line 1051, in send_message
    response = await adapter.create_interaction_response(
               ^^^^^^^^^^^^^^^^^^^^^^^^^^^^^^^^^^^^^^^^^^
  File "/home/bilalsltgo/Documents/bot discord/venv/lib/python3.12/site-packages/discord/webhook/async_.py", line 224, in request
    raise NotFound(response, data)
discord.errors.NotFound: 404 Not Found (error code: 10062): Unknown interaction

The above exception was the direct cause of the following exception:

Traceback (most recent call last):
  File "/home/bilalsltgo/Documents/bot discord/venv/lib/python3.12/site-packages/discord/app_commands/tree.py", line 1297, in _call
    await command._invoke_with_namespace(interaction, namespace)
  File "/home/bilalsltgo/Documents/bot discord/venv/lib/python3.12/site-packages/discord/app_commands/commands.py", line 884, in _invoke_with_namespace
    return await self._do_call(interaction, transformed_values)
           ^^^^^^^^^^^^^^^^^^^^^^^^^^^^^^^^^^^^^^^^^^^^^^^^^^^^
  File "/home/bilalsltgo/Documents/bot discord/venv/lib/python3.12/site-packages/discord/app_commands/commands.py", line 877, in _do_call
    raise CommandInvokeError(self, e) from e
discord.app_commands.errors.CommandInvokeError: Command 'ticketsetup' raised an exception: NotFound: 404 Not Found (error code: 10062): Unknown interaction
2026-02-03 11:16:20,889 - cogs.tickets - INFO - bilal.sltgo a configur√© le syst√®me de tickets dans #ticket
2026-02-03 11:16:32,589 - cogs.tickets - INFO - Ticket #3 cr√©√© par bilal.sltgo
2026-02-03 11:16:35,717 - cogs.tickets - INFO - Ticket closed-ticket-bilalsltgo ferm√© par bilal.sltgo
2026-02-03 11:16:52,018 - cogs.tickets - INFO - Ticket #4 cr√©√© par bilal.sltgo
2026-02-03 11:17:02,992 - __main__ - ERROR - Erreur de commande slash: Command 'close' raised an exception: NotFound: 404 Not Found (error code: 10062): Unknown interaction
Traceback (most recent call last):
  File "/home/bilalsltgo/Documents/bot discord/venv/lib/python3.12/site-packages/discord/app_commands/commands.py", line 858, in _do_call
    return await self._callback(self.binding, interaction, **params)  # type: ignore
           ^^^^^^^^^^^^^^^^^^^^^^^^^^^^^^^^^^^^^^^^^^^^^^^^^^^^^^^^^
  File "/home/bilalsltgo/Documents/bot discord/cogs/tickets.py", line 226, in close_ticket
    await interaction.response.defer()
  File "/home/bilalsltgo/Documents/bot discord/venv/lib/python3.12/site-packages/discord/interactions.py", line 858, in defer
    response = await adapter.create_interaction_response(
               ^^^^^^^^^^^^^^^^^^^^^^^^^^^^^^^^^^^^^^^^^^
  File "/home/bilalsltgo/Documents/bot discord/venv/lib/python3.12/site-packages/discord/webhook/async_.py", line 224, in request
    raise NotFound(response, data)
discord.errors.NotFound: 404 Not Found (error code: 10062): Unknown interaction

The above exception was the direct cause of the following exception:

Traceback (most recent call last):
  File "/home/bilalsltgo/Documents/bot discord/venv/lib/python3.12/site-packages/discord/app_commands/tree.py", line 1297, in _call
    await command._invoke_with_namespace(interaction, namespace)
  File "/home/bilalsltgo/Documents/bot discord/venv/lib/python3.12/site-packages/discord/app_commands/commands.py", line 884, in _invoke_with_namespace
    return await self._do_call(interaction, transformed_values)
           ^^^^^^^^^^^^^^^^^^^^^^^^^^^^^^^^^^^^^^^^^^^^^^^^^^^^
  File "/home/bilalsltgo/Documents/bot discord/venv/lib/python3.12/site-packages/discord/app_commands/commands.py", line 877, in _do_call
    raise CommandInvokeError(self, e) from e
discord.app_commands.errors.CommandInvokeError: Command 'close' raised an exception: NotFound: 404 Not Found (error code: 10062): Unknown interaction
2026-02-03 11:17:03,825 - cogs.tickets - INFO - Ticket closed-ticket-bilalsltgo ferm√© par bilal.sltgo
2026-02-03 11:17:17,851 - __main__ - ERROR - Erreur de commande slash: Command 'delete' raised an exception: NotFound: 404 Not Found (error code: 10062): Unknown interaction
Traceback (most recent call last):
  File "/home/bilalsltgo/Documents/bot discord/venv/lib/python3.12/site-packages/discord/app_commands/commands.py", line 858, in _do_call
    return await self._callback(self.binding, interaction, **params)  # type: ignore
           ^^^^^^^^^^^^^^^^^^^^^^^^^^^^^^^^^^^^^^^^^^^^^^^^^^^^^^^^^
  File "/home/bilalsltgo/Documents/bot discord/cogs/tickets.py", line 305, in delete_ticket
    await interaction.response.send_message(
  File "/home/bilalsltgo/Documents/bot discord/venv/lib/python3.12/site-packages/discord/interactions.py", line 1051, in send_message
    response = await adapter.create_interaction_response(
               ^^^^^^^^^^^^^^^^^^^^^^^^^^^^^^^^^^^^^^^^^^
  File "/home/bilalsltgo/Documents/bot discord/venv/lib/python3.12/site-packages/discord/webhook/async_.py", line 224, in request
    raise NotFound(response, data)
discord.errors.NotFound: 404 Not Found (error code: 10062): Unknown interaction

The above exception was the direct cause of the following exception:

Traceback (most recent call last):
  File "/home/bilalsltgo/Documents/bot discord/venv/lib/python3.12/site-packages/discord/app_commands/tree.py", line 1297, in _call
    await command._invoke_with_namespace(interaction, namespace)
  File "/home/bilalsltgo/Documents/bot discord/venv/lib/python3.12/site-packages/discord/app_commands/commands.py", line 884, in _invoke_with_namespace
    return await self._do_call(interaction, transformed_values)
           ^^^^^^^^^^^^^^^^^^^^^^^^^^^^^^^^^^^^^^^^^^^^^^^^^^^^
  File "/home/bilalsltgo/Documents/bot discord/venv/lib/python3.12/site-packages/discord/app_commands/commands.py", line 877, in _do_call
    raise CommandInvokeError(self, e) from e
discord.app_commands.errors.CommandInvokeError: Command 'delete' raised an exception: NotFound: 404 Not Found (error code: 10062): Unknown interaction
2026-02-03 11:17:17,911 - cogs.tickets - INFO - Ticket closed-ticket-bilalsltgo supprim√© par bilal.sltgo
2026-02-03 11:17:35,539 - discord.http - WARNING - We are being rate limited. PUT https://discord.com/api/v10/channels/1467967369476309300/messages/1468188664105537613/reactions/%E2%9C%85/@me responded with 429. Retrying in 0.30 seconds.
2026-02-03 11:17:35,984 - discord.http - WARNING - We are being rate limited. PUT https://discord.com/api/v10/channels/1467967369476309300/messages/1468188664105537613/reactions/%E2%9C%85/@me responded with 429. Retrying in 0.30 seconds.
2026-02-03 11:17:36,414 - cogs.suggestions - INFO - bilal.sltgo a cr√©√© une suggestion
2026-02-03 11:17:37,403 - __main__ - ERROR - Erreur de commande slash: Command 'suggest' raised an exception: HTTPException: 400 Bad Request (error code: 40060): Interaction has already been acknowledged.
Traceback (most recent call last):
  File "/home/bilalsltgo/Documents/bot discord/cogs/suggestions.py", line 90, in suggest
    await interaction.response.send_message(
  File "/home/bilalsltgo/Documents/bot discord/venv/lib/python3.12/site-packages/discord/interactions.py", line 1051, in send_message
    response = await adapter.create_interaction_response(
               ^^^^^^^^^^^^^^^^^^^^^^^^^^^^^^^^^^^^^^^^^^
  File "/home/bilalsltgo/Documents/bot discord/venv/lib/python3.12/site-packages/discord/webhook/async_.py", line 226, in request
    raise HTTPException(response, data)
discord.errors.HTTPException: 400 Bad Request (error code: 40060): Interaction has already been acknowledged.

During handling of the above exception, another exception occurred:

Traceback (most recent call last):
  File "/home/bilalsltgo/Documents/bot discord/venv/lib/python3.12/site-packages/discord/app_commands/commands.py", line 858, in _do_call
    return await self._callback(self.binding, interaction, **params)  # type: ignore
           ^^^^^^^^^^^^^^^^^^^^^^^^^^^^^^^^^^^^^^^^^^^^^^^^^^^^^^^^^
  File "/home/bilalsltgo/Documents/bot discord/cogs/suggestions.py", line 97, in suggest
    await interaction.response.send_message(
  File "/home/bilalsltgo/Documents/bot discord/venv/lib/python3.12/site-packages/discord/interactions.py", line 1051, in send_message
    response = await adapter.create_interaction_response(
               ^^^^^^^^^^^^^^^^^^^^^^^^^^^^^^^^^^^^^^^^^^
  File "/home/bilalsltgo/Documents/bot discord/venv/lib/python3.12/site-packages/discord/webhook/async_.py", line 226, in request
    raise HTTPException(response, data)
discord.errors.HTTPException: 400 Bad Request (error code: 40060): Interaction has already been acknowledged.

The above exception was the direct cause of the following exception:

Traceback (most recent call last):
  File "/home/bilalsltgo/Documents/bot discord/venv/lib/python3.12/site-packages/discord/app_commands/tree.py", line 1297, in _call
    await command._invoke_with_namespace(interaction, namespace)
  File "/home/bilalsltgo/Documents/bot discord/venv/lib/python3.12/site-packages/discord/app_commands/commands.py", line 884, in _invoke_with_namespace
    return await self._do_call(interaction, transformed_values)
           ^^^^^^^^^^^^^^^^^^^^^^^^^^^^^^^^^^^^^^^^^^^^^^^^^^^^
  File "/home/bilalsltgo/Documents/bot discord/venv/lib/python3.12/site-packages/discord/app_commands/commands.py", line 877, in _do_call
    raise CommandInvokeError(self, e) from e
discord.app_commands.errors.CommandInvokeError: Command 'suggest' raised an exception: HTTPException: 400 Bad Request (error code: 40060): Interaction has already been acknowledged.
2026-02-03 11:19:44,677 - discord.client - WARNING - PyNaCl is not installed, voice will NOT be supported
2026-02-03 11:19:44,677 - __main__ - INFO - üöÄ D√©marrage du bot...
2026-02-03 11:19:44,678 - discord.client - INFO - logging in using static token
2026-02-03 11:19:45,250 - database - INFO - Base de donn√©es initialis√©e avec succ√®s
2026-02-03 11:19:45,250 - __main__ - INFO - ‚úÖ Base de donn√©es initialis√©e
2026-02-03 11:19:45,252 - __main__ - INFO - ‚úÖ Cog charg√©: setup
2026-02-03 11:19:45,252 - __main__ - INFO - ‚úÖ Cog charg√©: suggestions
2026-02-03 11:19:45,253 - __main__ - INFO - ‚úÖ Cog charg√©: utility
2026-02-03 11:19:45,255 - __main__ - INFO - ‚úÖ Cog charg√©: moderation
2026-02-03 11:19:45,255 - __main__ - INFO - ‚úÖ Cog charg√©: security
2026-02-03 11:19:45,256 - __main__ - INFO - ‚úÖ Cog charg√©: leveling
2026-02-03 11:19:45,256 - __main__ - INFO - ‚úÖ Cog charg√©: tickets
2026-02-03 11:19:45,257 - __main__ - INFO - ‚úÖ Cog charg√©: analytics
2026-02-03 11:19:45,257 - __main__ - INFO - ‚úÖ Cog charg√©: configuration
2026-02-03 11:19:45,258 - __main__ - INFO - ‚úÖ Cog charg√©: automod
2026-02-03 11:19:45,258 - __main__ - INFO - ‚úÖ Cog charg√©: tasks
2026-02-03 11:19:45,585 - __main__ - INFO - ‚úÖ 43 commandes slash synchronis√©es
2026-02-03 11:19:46,104 - discord.gateway - INFO - Shard ID None has connected to Gateway (Session ID: 4afed52e68ae73223ead21635af449c8).
2026-02-03 11:19:48,108 - cogs.tasks - INFO - ‚úÖ T√¢che check_temp_actions d√©marr√©e
2026-02-03 11:19:48,108 - cogs.tasks - INFO - ‚úÖ T√¢che backup_database d√©marr√©e
2026-02-03 11:19:48,108 - __main__ - INFO - ==================================================
2026-02-03 11:19:48,108 - __main__ - INFO - ü§ñ Bot connect√© en tant que Bot test#3766
2026-02-03 11:19:48,108 - __main__ - INFO - üìä ID: 1467915001149915207
2026-02-03 11:19:48,108 - __main__ - INFO - üåê Serveurs: 1
2026-02-03 11:19:48,108 - __main__ - INFO - üë• Utilisateurs: 3
2026-02-03 11:19:48,108 - __main__ - INFO - ==================================================
2026-02-03 11:19:48,109 - cogs.tasks - INFO - Ancien backup supprim√©: bot_backup_20260202_183027.db
2026-02-03 11:19:48,110 - cogs.tasks - INFO - ‚úÖ Backup cr√©√©: bot_backup_20260203_111948.db
2026-02-03 11:27:22,628 - discord.client - WARNING - PyNaCl is not installed, voice will NOT be supported
2026-02-03 11:27:22,628 - __main__ - INFO - üöÄ D√©marrage du bot...
2026-02-03 11:27:22,628 - discord.client - INFO - logging in using static token
2026-02-03 11:27:23,187 - database - INFO - Base de donn√©es initialis√©e avec succ√®s
2026-02-03 11:27:23,187 - __main__ - INFO - ‚úÖ Base de donn√©es initialis√©e
2026-02-03 11:27:23,190 - __main__ - INFO - ‚úÖ Cog charg√©: setup
2026-02-03 11:27:23,190 - __main__ - INFO - ‚úÖ Cog charg√©: suggestions
2026-02-03 11:27:23,191 - __main__ - INFO - ‚úÖ Cog charg√©: utility
2026-02-03 11:27:23,193 - __main__ - INFO - ‚úÖ Cog charg√©: moderation
2026-02-03 11:27:23,193 - __main__ - INFO - ‚úÖ Cog charg√©: security
2026-02-03 11:27:23,194 - __main__ - INFO - ‚úÖ Cog charg√©: leveling
2026-02-03 11:27:23,195 - __main__ - INFO - ‚úÖ Cog charg√©: tickets
2026-02-03 11:27:23,195 - __main__ - INFO - ‚úÖ Cog charg√©: analytics
2026-02-03 11:27:23,196 - __main__ - INFO - ‚úÖ Cog charg√©: configuration
2026-02-03 11:27:23,196 - __main__ - INFO - ‚úÖ Cog charg√©: automod
2026-02-03 11:27:23,197 - __main__ - INFO - ‚úÖ Cog charg√©: tasks
2026-02-03 11:27:23,612 - __main__ - INFO - ‚úÖ 43 commandes slash synchronis√©es
2026-02-03 11:27:24,018 - discord.gateway - INFO - Shard ID None has connected to Gateway (Session ID: 9c29612d458abb9c05be28882466c975).
2026-02-03 11:27:26,043 - cogs.tasks - INFO - ‚úÖ T√¢che check_temp_actions d√©marr√©e
2026-02-03 11:27:26,043 - cogs.tasks - INFO - ‚úÖ T√¢che backup_database d√©marr√©e
2026-02-03 11:27:26,043 - __main__ - INFO - ==================================================
2026-02-03 11:27:26,043 - __main__ - INFO - ü§ñ Bot connect√© en tant que Bot test#3766
2026-02-03 11:27:26,043 - __main__ - INFO - üìä ID: 1467915001149915207
2026-02-03 11:27:26,043 - __main__ - INFO - üåê Serveurs: 1
2026-02-03 11:27:26,043 - __main__ - INFO - üë• Utilisateurs: 3
2026-02-03 11:27:26,043 - __main__ - INFO - ==================================================
2026-02-03 11:27:26,044 - cogs.tasks - INFO - Ancien backup supprim√©: bot_backup_20260202_185329.db
2026-02-03 11:27:26,044 - cogs.tasks - INFO - ‚úÖ Backup cr√©√©: bot_backup_20260203_112726.db
2026-02-03 11:27:51,533 - discord.client - WARNING - PyNaCl is not installed, voice will NOT be supported
2026-02-03 11:27:51,533 - __main__ - INFO - üöÄ D√©marrage du bot...
2026-02-03 11:27:51,533 - discord.client - INFO - logging in using static token
2026-02-03 11:27:51,949 - database - INFO - Base de donn√©es initialis√©e avec succ√®s
2026-02-03 11:27:51,949 - __main__ - INFO - ‚úÖ Base de donn√©es initialis√©e
2026-02-03 11:27:51,951 - __main__ - INFO - ‚úÖ Cog charg√©: setup
2026-02-03 11:27:51,952 - __main__ - INFO - ‚úÖ Cog charg√©: suggestions
2026-02-03 11:27:51,952 - __main__ - INFO - ‚úÖ Cog charg√©: utility
2026-02-03 11:27:51,954 - __main__ - INFO - ‚úÖ Cog charg√©: moderation
2026-02-03 11:27:51,954 - __main__ - INFO - ‚úÖ Cog charg√©: security
2026-02-03 11:27:51,955 - __main__ - INFO - ‚úÖ Cog charg√©: leveling
2026-02-03 11:27:51,956 - __main__ - INFO - ‚úÖ Cog charg√©: tickets
2026-02-03 11:27:51,956 - __main__ - INFO - ‚úÖ Cog charg√©: analytics
2026-02-03 11:27:51,956 - __main__ - INFO - ‚úÖ Cog charg√©: configuration
2026-02-03 11:27:51,957 - __main__ - INFO - ‚úÖ Cog charg√©: automod
2026-02-03 11:27:51,958 - __main__ - INFO - ‚úÖ Cog charg√©: tasks
2026-02-03 11:28:23,525 - __main__ - INFO - ‚úÖ 43 commandes slash synchronis√©es
2026-02-03 11:28:23,853 - discord.gateway - INFO - Shard ID None has connected to Gateway (Session ID: dad5e29fc444fb88d3a787e97075d9e2).
2026-02-03 11:28:25,863 - cogs.tasks - INFO - ‚úÖ T√¢che check_temp_actions d√©marr√©e
2026-02-03 11:28:25,863 - cogs.tasks - INFO - ‚úÖ T√¢che backup_database d√©marr√©e
2026-02-03 11:28:25,863 - __main__ - INFO - ==================================================
2026-02-03 11:28:25,863 - __main__ - INFO - ü§ñ Bot connect√© en tant que Bot test#3766
2026-02-03 11:28:25,863 - __main__ - INFO - üìä ID: 1467915001149915207
2026-02-03 11:28:25,863 - __main__ - INFO - üåê Serveurs: 1
2026-02-03 11:28:25,863 - __main__ - INFO - üë• Utilisateurs: 3
2026-02-03 11:28:25,863 - __main__ - INFO - ==================================================
2026-02-03 11:28:25,864 - cogs.tasks - INFO - Ancien backup supprim√©: bot_backup_20260203_103601.db
2026-02-03 11:28:25,864 - cogs.tasks - INFO - ‚úÖ Backup cr√©√©: bot_backup_20260203_112825.db
2026-02-03 11:29:56,762 - cogs.moderation - INFO - bilal.sltgo a supprim√© 1 messages dans #ticket
2026-02-03 11:30:05,161 - cogs.tickets - INFO - bilal.sltgo a configur√© le syst√®me de tickets dans #ticket
2026-02-03 11:30:56,584 - discord.client - WARNING - PyNaCl is not installed, voice will NOT be supported
2026-02-03 11:30:56,584 - __main__ - INFO - üöÄ D√©marrage du bot...
2026-02-03 11:30:56,584 - discord.client - INFO - logging in using static token
2026-02-03 11:30:57,157 - database - INFO - Base de donn√©es initialis√©e avec succ√®s
2026-02-03 11:30:57,157 - __main__ - INFO - ‚úÖ Base de donn√©es initialis√©e
2026-02-03 11:30:57,159 - __main__ - INFO - ‚úÖ Cog charg√©: setup
2026-02-03 11:30:57,160 - __main__ - INFO - ‚úÖ Cog charg√©: suggestions
2026-02-03 11:30:57,161 - __main__ - INFO - ‚úÖ Cog charg√©: utility
2026-02-03 11:30:57,162 - __main__ - INFO - ‚úÖ Cog charg√©: moderation
2026-02-03 11:30:57,163 - __main__ - INFO - ‚úÖ Cog charg√©: security
2026-02-03 11:30:57,164 - __main__ - INFO - ‚úÖ Cog charg√©: leveling
2026-02-03 11:30:57,164 - __main__ - INFO - ‚úÖ Cog charg√©: tickets
2026-02-03 11:30:57,165 - __main__ - INFO - ‚úÖ Cog charg√©: analytics
2026-02-03 11:30:57,165 - __main__ - INFO - ‚úÖ Cog charg√©: configuration
2026-02-03 11:30:57,166 - __main__ - INFO - ‚úÖ Cog charg√©: automod
2026-02-03 11:30:57,166 - __main__ - INFO - ‚úÖ Cog charg√©: tasks
2026-02-03 11:30:57,574 - __main__ - INFO - ‚úÖ 43 commandes slash synchronis√©es
2026-02-03 11:30:58,007 - discord.gateway - INFO - Shard ID None has connected to Gateway (Session ID: f3023bbe3b4df4add7e03c6371debbe2).
2026-02-03 11:31:00,023 - cogs.tasks - INFO - ‚úÖ T√¢che check_temp_actions d√©marr√©e
2026-02-03 11:31:00,023 - cogs.tasks - INFO - ‚úÖ T√¢che backup_database d√©marr√©e
2026-02-03 11:31:00,023 - __main__ - INFO - ==================================================
2026-02-03 11:31:00,023 - __main__ - INFO - ü§ñ Bot connect√© en tant que Bot test#3766
2026-02-03 11:31:00,023 - __main__ - INFO - üìä ID: 1467915001149915207
2026-02-03 11:31:00,023 - __main__ - INFO - üåê Serveurs: 1
2026-02-03 11:31:00,023 - __main__ - INFO - üë• Utilisateurs: 3
2026-02-03 11:31:00,023 - __main__ - INFO - ==================================================
2026-02-03 11:31:00,024 - cogs.tasks - INFO - Ancien backup supprim√©: bot_backup_20260202_203152.db
2026-02-03 11:31:00,024 - cogs.tasks - INFO - ‚úÖ Backup cr√©√©: bot_backup_20260203_113100.db
2026-02-03 11:32:21,464 - cogs.tickets - INFO - bilal.sltgo a configur√© le syst√®me de tickets dans #ticket
2026-02-03 11:32:24,875 - cogs.tickets - INFO - Ticket #5 cr√©√© par bilal.sltgo
2026-02-03 11:32:35,217 - cogs.tickets - INFO - bilal.sltgo a ajout√© raspoutine_667 au ticket ticket-bilalsltgo
2026-02-03 11:33:20,389 - cogs.setup - INFO - bilal.sltgo a cr√©√© le salon voice jeux
2026-02-03 11:34:07,586 - cogs.setup - INFO - bilal.sltgo a cr√©√© le r√¥le Roi
2026-02-03 11:34:43,877 - cogs.setup - INFO - bilal.sltgo a supprim√© le r√¥le Roi
2026-02-03 11:36:31,915 - cogs.setup - INFO - bilal.sltgo a cr√©√© un pack de 3 salons
2026-02-03 11:37:12,342 - cogs.tickets - INFO - bilal.sltgo a retir√© raspoutine_667 du ticket ticket-bilalsltgo
2026-02-03 11:44:13,280 - discord.gateway - WARNING - Can't keep up, shard ID None websocket is 11.8s behind.
2026-02-03 11:44:13,280 - discord.gateway - WARNING - Can't keep up, shard ID None websocket is 11.8s behind.
2026-02-03 11:48:12,060 - discord.client - WARNING - PyNaCl is not installed, voice will NOT be supported
2026-02-03 11:48:12,060 - __main__ - INFO - üöÄ D√©marrage du bot...
2026-02-03 11:48:12,061 - discord.client - INFO - logging in using static token
2026-02-03 11:48:12,691 - database - INFO - Base de donn√©es initialis√©e avec succ√®s
2026-02-03 11:48:12,692 - __main__ - INFO - ‚úÖ Base de donn√©es initialis√©e
2026-02-03 11:48:12,694 - __main__ - INFO - ‚úÖ Cog charg√©: setup
2026-02-03 11:48:12,695 - __main__ - INFO - ‚úÖ Cog charg√©: suggestions
2026-02-03 11:48:12,696 - __main__ - INFO - ‚úÖ Cog charg√©: utility
2026-02-03 11:48:12,698 - __main__ - INFO - ‚úÖ Cog charg√©: moderation
2026-02-03 11:48:12,700 - __main__ - INFO - ‚úÖ Cog charg√©: security
2026-02-03 11:48:12,701 - __main__ - INFO - ‚úÖ Cog charg√©: leveling
2026-02-03 11:48:12,702 - __main__ - INFO - ‚úÖ Cog charg√©: tickets
2026-02-03 11:48:12,706 - __main__ - INFO - ‚úÖ Cog charg√©: analytics
2026-02-03 11:48:12,707 - __main__ - INFO - ‚úÖ Cog charg√©: configuration
2026-02-03 11:48:12,708 - __main__ - INFO - ‚úÖ Cog charg√©: automod
2026-02-03 11:48:12,709 - __main__ - INFO - ‚úÖ Cog charg√©: tasks
2026-02-03 11:48:12,976 - __main__ - INFO - ‚úÖ 43 commandes slash synchronis√©es
2026-02-03 11:48:13,466 - discord.gateway - INFO - Shard ID None has connected to Gateway (Session ID: 4a5ad3e7739dcf5c80aff65c47e82318).
2026-02-03 11:48:15,470 - cogs.tasks - INFO - ‚úÖ T√¢che check_temp_actions d√©marr√©e
2026-02-03 11:48:15,470 - cogs.tasks - INFO - ‚úÖ T√¢che backup_database d√©marr√©e
2026-02-03 11:48:15,470 - __main__ - INFO - ==================================================
2026-02-03 11:48:15,470 - __main__ - INFO - ü§ñ Bot connect√© en tant que Bot test#3766
2026-02-03 11:48:15,470 - __main__ - INFO - üìä ID: 1467915001149915207
2026-02-03 11:48:15,470 - __main__ - INFO - üåê Serveurs: 1
2026-02-03 11:48:15,470 - __main__ - INFO - üë• Utilisateurs: 3
2026-02-03 11:48:15,470 - __main__ - INFO - ==================================================
2026-02-03 11:48:15,471 - cogs.tasks - INFO - Ancien backup supprim√©: bot_backup_20260203_105422.db
2026-02-03 11:48:15,471 - cogs.tasks - INFO - ‚úÖ Backup cr√©√©: bot_backup_20260203_114815.db
2026-02-03 11:53:12,982 - discord.client - WARNING - PyNaCl is not installed, voice will NOT be supported
2026-02-03 11:53:12,982 - __main__ - INFO - üöÄ D√©marrage du bot...
2026-02-03 11:53:12,982 - discord.client - INFO - logging in using static token
2026-02-03 11:53:13,524 - database - INFO - Base de donn√©es initialis√©e avec succ√®s
2026-02-03 11:53:13,525 - __main__ - INFO - ‚úÖ Base de donn√©es initialis√©e
2026-02-03 11:53:13,526 - __main__ - INFO - ‚úÖ Cog charg√©: setup
2026-02-03 11:53:13,526 - __main__ - INFO - ‚úÖ Cog charg√©: suggestions
2026-02-03 11:53:13,527 - __main__ - INFO - ‚úÖ Cog charg√©: utility
2026-02-03 11:53:13,529 - __main__ - INFO - ‚úÖ Cog charg√©: moderation
2026-02-03 11:53:13,529 - __main__ - INFO - ‚úÖ Cog charg√©: security
2026-02-03 11:53:13,530 - __main__ - INFO - ‚úÖ Cog charg√©: leveling
2026-02-03 11:53:13,530 - __main__ - INFO - ‚úÖ Cog charg√©: tickets
2026-02-03 11:53:13,531 - __main__ - INFO - ‚úÖ Cog charg√©: analytics
2026-02-03 11:53:13,531 - __main__ - INFO - ‚úÖ Cog charg√©: configuration
2026-02-03 11:53:13,532 - __main__ - INFO - ‚úÖ Cog charg√©: automod
2026-02-03 11:53:13,532 - __main__ - INFO - ‚úÖ Cog charg√©: tasks
2026-02-03 11:53:13,890 - __main__ - INFO - ‚úÖ 43 commandes slash synchronis√©es
2026-02-03 11:53:14,274 - discord.gateway - INFO - Shard ID None has connected to Gateway (Session ID: 9608b889dd87f10ebd200322c04c652a).
2026-02-03 11:53:16,279 - cogs.tasks - INFO - ‚úÖ T√¢che check_temp_actions d√©marr√©e
2026-02-03 11:53:16,279 - cogs.tasks - INFO - ‚úÖ T√¢che backup_database d√©marr√©e
2026-02-03 11:53:16,279 - __main__ - INFO - ==================================================
2026-02-03 11:53:16,279 - __main__ - INFO - ü§ñ Bot connect√© en tant que Bot test#3766
2026-02-03 11:53:16,279 - __main__ - INFO - üìä ID: 1467915001149915207
2026-02-03 11:53:16,279 - __main__ - INFO - üåê Serveurs: 1
2026-02-03 11:53:16,279 - __main__ - INFO - üë• Utilisateurs: 3
2026-02-03 11:53:16,279 - __main__ - INFO - ==================================================
2026-02-03 11:53:16,280 - cogs.tasks - INFO - Ancien backup supprim√©: bot_backup_20260203_110123.db
2026-02-03 11:53:16,280 - cogs.tasks - INFO - ‚úÖ Backup cr√©√©: bot_backup_20260203_115316.db
2026-02-03 11:53:49,954 - cogs.moderation - INFO - bilal.sltgo a supprim√© 2 messages dans #ticket
2026-02-03 11:53:57,360 - cogs.tickets - INFO - bilal.sltgo a configur√© le syst√®me de tickets dans #ticket
2026-02-03 11:54:00,279 - cogs.tickets - INFO - Ticket #6 cr√©√© par bilal.sltgo
2026-02-03 12:20:00,610 - discord.client - ERROR - Attempting a reconnect in 1.66s
Traceback (most recent call last):
  File "/home/bilalsltgo/Documents/bot discord/venv/lib/python3.12/site-packages/aiohttp/connector.py", line 1562, in _create_direct_connection
    hosts = await self._resolve_host(host, port, traces=traces)
            ^^^^^^^^^^^^^^^^^^^^^^^^^^^^^^^^^^^^^^^^^^^^^^^^^^^
  File "/home/bilalsltgo/Documents/bot discord/venv/lib/python3.12/site-packages/aiohttp/connector.py", line 1178, in _resolve_host
    return await asyncio.shield(resolved_host_task)
           ^^^^^^^^^^^^^^^^^^^^^^^^^^^^^^^^^^^^^^^^
  File "/home/bilalsltgo/Documents/bot discord/venv/lib/python3.12/site-packages/aiohttp/connector.py", line 1209, in _resolve_host_with_throttle
    addrs = await self._resolver.resolve(host, port, family=self._family)
            ^^^^^^^^^^^^^^^^^^^^^^^^^^^^^^^^^^^^^^^^^^^^^^^^^^^^^^^^^^^^^
  File "/home/bilalsltgo/Documents/bot discord/venv/lib/python3.12/site-packages/aiohttp/resolver.py", line 40, in resolve
    infos = await self._loop.getaddrinfo(
            ^^^^^^^^^^^^^^^^^^^^^^^^^^^^^
  File "/usr/lib/python3.12/asyncio/base_events.py", line 901, in getaddrinfo
    return await self.run_in_executor(
           ^^^^^^^^^^^^^^^^^^^^^^^^^^^
  File "/usr/lib/python3.12/concurrent/futures/thread.py", line 58, in run
    result = self.fn(*self.args, **self.kwargs)
             ^^^^^^^^^^^^^^^^^^^^^^^^^^^^^^^^^^
  File "/usr/lib/python3.12/socket.py", line 963, in getaddrinfo
    for res in _socket.getaddrinfo(host, port, family, type, proto, flags):
               ^^^^^^^^^^^^^^^^^^^^^^^^^^^^^^^^^^^^^^^^^^^^^^^^^^^^^^^^^^^
socket.gaierror: [Errno -3] Temporary failure in name resolution

The above exception was the direct cause of the following exception:

Traceback (most recent call last):
  File "/home/bilalsltgo/Documents/bot discord/venv/lib/python3.12/site-packages/discord/client.py", line 724, in connect
    self.ws = await asyncio.wait_for(coro, timeout=60.0)
              ^^^^^^^^^^^^^^^^^^^^^^^^^^^^^^^^^^^^^^^^^^
  File "/usr/lib/python3.12/asyncio/tasks.py", line 520, in wait_for
    return await fut
           ^^^^^^^^^
  File "/home/bilalsltgo/Documents/bot discord/venv/lib/python3.12/site-packages/discord/gateway.py", line 383, in from_client
    socket = await client.http.ws_connect(str(url))
             ^^^^^^^^^^^^^^^^^^^^^^^^^^^^^^^^^^^^^^
  File "/home/bilalsltgo/Documents/bot discord/venv/lib/python3.12/site-packages/discord/http.py", line 566, in ws_connect
    return await self.__session.ws_connect(url, **kwargs)
           ^^^^^^^^^^^^^^^^^^^^^^^^^^^^^^^^^^^^^^^^^^^^^^
  File "/home/bilalsltgo/Documents/bot discord/venv/lib/python3.12/site-packages/aiohttp/client.py", line 1076, in _ws_connect
    resp = await self.request(
           ^^^^^^^^^^^^^^^^^^^
  File "/home/bilalsltgo/Documents/bot discord/venv/lib/python3.12/site-packages/aiohttp/client.py", line 779, in _request
    resp = await handler(req)
           ^^^^^^^^^^^^^^^^^^
  File "/home/bilalsltgo/Documents/bot discord/venv/lib/python3.12/site-packages/aiohttp/client.py", line 734, in _connect_and_send_request
    conn = await self._connector.connect(
           ^^^^^^^^^^^^^^^^^^^^^^^^^^^^^^
  File "/home/bilalsltgo/Documents/bot discord/venv/lib/python3.12/site-packages/aiohttp/connector.py", line 672, in connect
    proto = await self._create_connection(req, traces, timeout)
            ^^^^^^^^^^^^^^^^^^^^^^^^^^^^^^^^^^^^^^^^^^^^^^^^^^^
  File "/home/bilalsltgo/Documents/bot discord/venv/lib/python3.12/site-packages/aiohttp/connector.py", line 1239, in _create_connection
    _, proto = await self._create_direct_connection(req, traces, timeout)
               ^^^^^^^^^^^^^^^^^^^^^^^^^^^^^^^^^^^^^^^^^^^^^^^^^^^^^^^^^^
  File "/home/bilalsltgo/Documents/bot discord/venv/lib/python3.12/site-packages/aiohttp/connector.py", line 1568, in _create_direct_connection
    raise ClientConnectorDNSError(req.connection_key, exc) from exc
aiohttp.client_exceptions.ClientConnectorDNSError: Cannot connect to host gateway-us-east1-b.discord.gg:443 ssl:default [Temporary failure in name resolution]
2026-02-03 12:20:02,274 - discord.client - ERROR - Attempting a reconnect in 0.15s
Traceback (most recent call last):
  File "/home/bilalsltgo/Documents/bot discord/venv/lib/python3.12/site-packages/aiohttp/connector.py", line 1562, in _create_direct_connection
    hosts = await self._resolve_host(host, port, traces=traces)
            ^^^^^^^^^^^^^^^^^^^^^^^^^^^^^^^^^^^^^^^^^^^^^^^^^^^
  File "/home/bilalsltgo/Documents/bot discord/venv/lib/python3.12/site-packages/aiohttp/connector.py", line 1178, in _resolve_host
    return await asyncio.shield(resolved_host_task)
           ^^^^^^^^^^^^^^^^^^^^^^^^^^^^^^^^^^^^^^^^
  File "/home/bilalsltgo/Documents/bot discord/venv/lib/python3.12/site-packages/aiohttp/connector.py", line 1209, in _resolve_host_with_throttle
    addrs = await self._resolver.resolve(host, port, family=self._family)
            ^^^^^^^^^^^^^^^^^^^^^^^^^^^^^^^^^^^^^^^^^^^^^^^^^^^^^^^^^^^^^
  File "/home/bilalsltgo/Documents/bot discord/venv/lib/python3.12/site-packages/aiohttp/resolver.py", line 40, in resolve
    infos = await self._loop.getaddrinfo(
            ^^^^^^^^^^^^^^^^^^^^^^^^^^^^^
  File "/usr/lib/python3.12/asyncio/base_events.py", line 901, in getaddrinfo
    return await self.run_in_executor(
           ^^^^^^^^^^^^^^^^^^^^^^^^^^^
  File "/usr/lib/python3.12/concurrent/futures/thread.py", line 58, in run
    result = self.fn(*self.args, **self.kwargs)
             ^^^^^^^^^^^^^^^^^^^^^^^^^^^^^^^^^^
  File "/usr/lib/python3.12/socket.py", line 963, in getaddrinfo
    for res in _socket.getaddrinfo(host, port, family, type, proto, flags):
               ^^^^^^^^^^^^^^^^^^^^^^^^^^^^^^^^^^^^^^^^^^^^^^^^^^^^^^^^^^^
socket.gaierror: [Errno -3] Temporary failure in name resolution

The above exception was the direct cause of the following exception:

Traceback (most recent call last):
  File "/home/bilalsltgo/Documents/bot discord/venv/lib/python3.12/site-packages/discord/client.py", line 724, in connect
    self.ws = await asyncio.wait_for(coro, timeout=60.0)
              ^^^^^^^^^^^^^^^^^^^^^^^^^^^^^^^^^^^^^^^^^^
  File "/usr/lib/python3.12/asyncio/tasks.py", line 520, in wait_for
    return await fut
           ^^^^^^^^^
  File "/home/bilalsltgo/Documents/bot discord/venv/lib/python3.12/site-packages/discord/gateway.py", line 383, in from_client
    socket = await client.http.ws_connect(str(url))
             ^^^^^^^^^^^^^^^^^^^^^^^^^^^^^^^^^^^^^^
  File "/home/bilalsltgo/Documents/bot discord/venv/lib/python3.12/site-packages/discord/http.py", line 566, in ws_connect
    return await self.__session.ws_connect(url, **kwargs)
           ^^^^^^^^^^^^^^^^^^^^^^^^^^^^^^^^^^^^^^^^^^^^^^
  File "/home/bilalsltgo/Documents/bot discord/venv/lib/python3.12/site-packages/aiohttp/client.py", line 1076, in _ws_connect
    resp = await self.request(
           ^^^^^^^^^^^^^^^^^^^
  File "/home/bilalsltgo/Documents/bot discord/venv/lib/python3.12/site-packages/aiohttp/client.py", line 779, in _request
    resp = await handler(req)
           ^^^^^^^^^^^^^^^^^^
  File "/home/bilalsltgo/Documents/bot discord/venv/lib/python3.12/site-packages/aiohttp/client.py", line 734, in _connect_and_send_request
    conn = await self._connector.connect(
           ^^^^^^^^^^^^^^^^^^^^^^^^^^^^^^
  File "/home/bilalsltgo/Documents/bot discord/venv/lib/python3.12/site-packages/aiohttp/connector.py", line 672, in connect
    proto = await self._create_connection(req, traces, timeout)
            ^^^^^^^^^^^^^^^^^^^^^^^^^^^^^^^^^^^^^^^^^^^^^^^^^^^
  File "/home/bilalsltgo/Documents/bot discord/venv/lib/python3.12/site-packages/aiohttp/connector.py", line 1239, in _create_connection
    _, proto = await self._create_direct_connection(req, traces, timeout)
               ^^^^^^^^^^^^^^^^^^^^^^^^^^^^^^^^^^^^^^^^^^^^^^^^^^^^^^^^^^
  File "/home/bilalsltgo/Documents/bot discord/venv/lib/python3.12/site-packages/aiohttp/connector.py", line 1568, in _create_direct_connection
    raise ClientConnectorDNSError(req.connection_key, exc) from exc
aiohttp.client_exceptions.ClientConnectorDNSError: Cannot connect to host gateway-us-east1-b.discord.gg:443 ssl:default [Temporary failure in name resolution]
2026-02-03 12:20:02,432 - discord.client - ERROR - Attempting a reconnect in 6.99s
Traceback (most recent call last):
  File "/home/bilalsltgo/Documents/bot discord/venv/lib/python3.12/site-packages/aiohttp/connector.py", line 1562, in _create_direct_connection
    hosts = await self._resolve_host(host, port, traces=traces)
            ^^^^^^^^^^^^^^^^^^^^^^^^^^^^^^^^^^^^^^^^^^^^^^^^^^^
  File "/home/bilalsltgo/Documents/bot discord/venv/lib/python3.12/site-packages/aiohttp/connector.py", line 1178, in _resolve_host
    return await asyncio.shield(resolved_host_task)
           ^^^^^^^^^^^^^^^^^^^^^^^^^^^^^^^^^^^^^^^^
  File "/home/bilalsltgo/Documents/bot discord/venv/lib/python3.12/site-packages/aiohttp/connector.py", line 1209, in _resolve_host_with_throttle
    addrs = await self._resolver.resolve(host, port, family=self._family)
            ^^^^^^^^^^^^^^^^^^^^^^^^^^^^^^^^^^^^^^^^^^^^^^^^^^^^^^^^^^^^^
  File "/home/bilalsltgo/Documents/bot discord/venv/lib/python3.12/site-packages/aiohttp/resolver.py", line 40, in resolve
    infos = await self._loop.getaddrinfo(
            ^^^^^^^^^^^^^^^^^^^^^^^^^^^^^
  File "/usr/lib/python3.12/asyncio/base_events.py", line 901, in getaddrinfo
    return await self.run_in_executor(
           ^^^^^^^^^^^^^^^^^^^^^^^^^^^
  File "/usr/lib/python3.12/concurrent/futures/thread.py", line 58, in run
    result = self.fn(*self.args, **self.kwargs)
             ^^^^^^^^^^^^^^^^^^^^^^^^^^^^^^^^^^
  File "/usr/lib/python3.12/socket.py", line 963, in getaddrinfo
    for res in _socket.getaddrinfo(host, port, family, type, proto, flags):
               ^^^^^^^^^^^^^^^^^^^^^^^^^^^^^^^^^^^^^^^^^^^^^^^^^^^^^^^^^^^
socket.gaierror: [Errno -3] Temporary failure in name resolution

The above exception was the direct cause of the following exception:

Traceback (most recent call last):
  File "/home/bilalsltgo/Documents/bot discord/venv/lib/python3.12/site-packages/discord/client.py", line 724, in connect
    self.ws = await asyncio.wait_for(coro, timeout=60.0)
              ^^^^^^^^^^^^^^^^^^^^^^^^^^^^^^^^^^^^^^^^^^
  File "/usr/lib/python3.12/asyncio/tasks.py", line 520, in wait_for
    return await fut
           ^^^^^^^^^
  File "/home/bilalsltgo/Documents/bot discord/venv/lib/python3.12/site-packages/discord/gateway.py", line 383, in from_client
    socket = await client.http.ws_connect(str(url))
             ^^^^^^^^^^^^^^^^^^^^^^^^^^^^^^^^^^^^^^
  File "/home/bilalsltgo/Documents/bot discord/venv/lib/python3.12/site-packages/discord/http.py", line 566, in ws_connect
    return await self.__session.ws_connect(url, **kwargs)
           ^^^^^^^^^^^^^^^^^^^^^^^^^^^^^^^^^^^^^^^^^^^^^^
  File "/home/bilalsltgo/Documents/bot discord/venv/lib/python3.12/site-packages/aiohttp/client.py", line 1076, in _ws_connect
    resp = await self.request(
           ^^^^^^^^^^^^^^^^^^^
  File "/home/bilalsltgo/Documents/bot discord/venv/lib/python3.12/site-packages/aiohttp/client.py", line 779, in _request
    resp = await handler(req)
           ^^^^^^^^^^^^^^^^^^
  File "/home/bilalsltgo/Documents/bot discord/venv/lib/python3.12/site-packages/aiohttp/client.py", line 734, in _connect_and_send_request
    conn = await self._connector.connect(
           ^^^^^^^^^^^^^^^^^^^^^^^^^^^^^^
  File "/home/bilalsltgo/Documents/bot discord/venv/lib/python3.12/site-packages/aiohttp/connector.py", line 672, in connect
    proto = await self._create_connection(req, traces, timeout)
            ^^^^^^^^^^^^^^^^^^^^^^^^^^^^^^^^^^^^^^^^^^^^^^^^^^^
  File "/home/bilalsltgo/Documents/bot discord/venv/lib/python3.12/site-packages/aiohttp/connector.py", line 1239, in _create_connection
    _, proto = await self._create_direct_connection(req, traces, timeout)
               ^^^^^^^^^^^^^^^^^^^^^^^^^^^^^^^^^^^^^^^^^^^^^^^^^^^^^^^^^^
  File "/home/bilalsltgo/Documents/bot discord/venv/lib/python3.12/site-packages/aiohttp/connector.py", line 1568, in _create_direct_connection
    raise ClientConnectorDNSError(req.connection_key, exc) from exc
aiohttp.client_exceptions.ClientConnectorDNSError: Cannot connect to host gateway-us-east1-b.discord.gg:443 ssl:default [Temporary failure in name resolution]
2026-02-03 12:20:09,428 - discord.client - ERROR - Attempting a reconnect in 4.32s
Traceback (most recent call last):
  File "/home/bilalsltgo/Documents/bot discord/venv/lib/python3.12/site-packages/aiohttp/connector.py", line 1562, in _create_direct_connection
    hosts = await self._resolve_host(host, port, traces=traces)
            ^^^^^^^^^^^^^^^^^^^^^^^^^^^^^^^^^^^^^^^^^^^^^^^^^^^
  File "/home/bilalsltgo/Documents/bot discord/venv/lib/python3.12/site-packages/aiohttp/connector.py", line 1178, in _resolve_host
    return await asyncio.shield(resolved_host_task)
           ^^^^^^^^^^^^^^^^^^^^^^^^^^^^^^^^^^^^^^^^
  File "/home/bilalsltgo/Documents/bot discord/venv/lib/python3.12/site-packages/aiohttp/connector.py", line 1209, in _resolve_host_with_throttle
    addrs = await self._resolver.resolve(host, port, family=self._family)
            ^^^^^^^^^^^^^^^^^^^^^^^^^^^^^^^^^^^^^^^^^^^^^^^^^^^^^^^^^^^^^
  File "/home/bilalsltgo/Documents/bot discord/venv/lib/python3.12/site-packages/aiohttp/resolver.py", line 40, in resolve
    infos = await self._loop.getaddrinfo(
            ^^^^^^^^^^^^^^^^^^^^^^^^^^^^^
  File "/usr/lib/python3.12/asyncio/base_events.py", line 901, in getaddrinfo
    return await self.run_in_executor(
           ^^^^^^^^^^^^^^^^^^^^^^^^^^^
  File "/usr/lib/python3.12/concurrent/futures/thread.py", line 58, in run
    result = self.fn(*self.args, **self.kwargs)
             ^^^^^^^^^^^^^^^^^^^^^^^^^^^^^^^^^^
  File "/usr/lib/python3.12/socket.py", line 963, in getaddrinfo
    for res in _socket.getaddrinfo(host, port, family, type, proto, flags):
               ^^^^^^^^^^^^^^^^^^^^^^^^^^^^^^^^^^^^^^^^^^^^^^^^^^^^^^^^^^^
socket.gaierror: [Errno -3] Temporary failure in name resolution

The above exception was the direct cause of the following exception:

Traceback (most recent call last):
  File "/home/bilalsltgo/Documents/bot discord/venv/lib/python3.12/site-packages/discord/client.py", line 724, in connect
    self.ws = await asyncio.wait_for(coro, timeout=60.0)
              ^^^^^^^^^^^^^^^^^^^^^^^^^^^^^^^^^^^^^^^^^^
  File "/usr/lib/python3.12/asyncio/tasks.py", line 520, in wait_for
    return await fut
           ^^^^^^^^^
  File "/home/bilalsltgo/Documents/bot discord/venv/lib/python3.12/site-packages/discord/gateway.py", line 383, in from_client
    socket = await client.http.ws_connect(str(url))
             ^^^^^^^^^^^^^^^^^^^^^^^^^^^^^^^^^^^^^^
  File "/home/bilalsltgo/Documents/bot discord/venv/lib/python3.12/site-packages/discord/http.py", line 566, in ws_connect
    return await self.__session.ws_connect(url, **kwargs)
           ^^^^^^^^^^^^^^^^^^^^^^^^^^^^^^^^^^^^^^^^^^^^^^
  File "/home/bilalsltgo/Documents/bot discord/venv/lib/python3.12/site-packages/aiohttp/client.py", line 1076, in _ws_connect
    resp = await self.request(
           ^^^^^^^^^^^^^^^^^^^
  File "/home/bilalsltgo/Documents/bot discord/venv/lib/python3.12/site-packages/aiohttp/client.py", line 779, in _request
    resp = await handler(req)
           ^^^^^^^^^^^^^^^^^^
  File "/home/bilalsltgo/Documents/bot discord/venv/lib/python3.12/site-packages/aiohttp/client.py", line 734, in _connect_and_send_request
    conn = await self._connector.connect(
           ^^^^^^^^^^^^^^^^^^^^^^^^^^^^^^
  File "/home/bilalsltgo/Documents/bot discord/venv/lib/python3.12/site-packages/aiohttp/connector.py", line 672, in connect
    proto = await self._create_connection(req, traces, timeout)
            ^^^^^^^^^^^^^^^^^^^^^^^^^^^^^^^^^^^^^^^^^^^^^^^^^^^
  File "/home/bilalsltgo/Documents/bot discord/venv/lib/python3.12/site-packages/aiohttp/connector.py", line 1239, in _create_connection
    _, proto = await self._create_direct_connection(req, traces, timeout)
               ^^^^^^^^^^^^^^^^^^^^^^^^^^^^^^^^^^^^^^^^^^^^^^^^^^^^^^^^^^
  File "/home/bilalsltgo/Documents/bot discord/venv/lib/python3.12/site-packages/aiohttp/connector.py", line 1568, in _create_direct_connection
    raise ClientConnectorDNSError(req.connection_key, exc) from exc
aiohttp.client_exceptions.ClientConnectorDNSError: Cannot connect to host gateway-us-east1-b.discord.gg:443 ssl:default [Temporary failure in name resolution]
2026-02-03 12:20:13,755 - discord.client - ERROR - Attempting a reconnect in 6.74s
Traceback (most recent call last):
  File "/home/bilalsltgo/Documents/bot discord/venv/lib/python3.12/site-packages/aiohttp/connector.py", line 1562, in _create_direct_connection
    hosts = await self._resolve_host(host, port, traces=traces)
            ^^^^^^^^^^^^^^^^^^^^^^^^^^^^^^^^^^^^^^^^^^^^^^^^^^^
  File "/home/bilalsltgo/Documents/bot discord/venv/lib/python3.12/site-packages/aiohttp/connector.py", line 1178, in _resolve_host
    return await asyncio.shield(resolved_host_task)
           ^^^^^^^^^^^^^^^^^^^^^^^^^^^^^^^^^^^^^^^^
  File "/home/bilalsltgo/Documents/bot discord/venv/lib/python3.12/site-packages/aiohttp/connector.py", line 1209, in _resolve_host_with_throttle
    addrs = await self._resolver.resolve(host, port, family=self._family)
            ^^^^^^^^^^^^^^^^^^^^^^^^^^^^^^^^^^^^^^^^^^^^^^^^^^^^^^^^^^^^^
  File "/home/bilalsltgo/Documents/bot discord/venv/lib/python3.12/site-packages/aiohttp/resolver.py", line 40, in resolve
    infos = await self._loop.getaddrinfo(
            ^^^^^^^^^^^^^^^^^^^^^^^^^^^^^
  File "/usr/lib/python3.12/asyncio/base_events.py", line 901, in getaddrinfo
    return await self.run_in_executor(
           ^^^^^^^^^^^^^^^^^^^^^^^^^^^
  File "/usr/lib/python3.12/concurrent/futures/thread.py", line 58, in run
    result = self.fn(*self.args, **self.kwargs)
             ^^^^^^^^^^^^^^^^^^^^^^^^^^^^^^^^^^
  File "/usr/lib/python3.12/socket.py", line 963, in getaddrinfo
    for res in _socket.getaddrinfo(host, port, family, type, proto, flags):
               ^^^^^^^^^^^^^^^^^^^^^^^^^^^^^^^^^^^^^^^^^^^^^^^^^^^^^^^^^^^
socket.gaierror: [Errno -3] Temporary failure in name resolution

The above exception was the direct cause of the following exception:

Traceback (most recent call last):
  File "/home/bilalsltgo/Documents/bot discord/venv/lib/python3.12/site-packages/discord/client.py", line 724, in connect
    self.ws = await asyncio.wait_for(coro, timeout=60.0)
              ^^^^^^^^^^^^^^^^^^^^^^^^^^^^^^^^^^^^^^^^^^
  File "/usr/lib/python3.12/asyncio/tasks.py", line 520, in wait_for
    return await fut
           ^^^^^^^^^
  File "/home/bilalsltgo/Documents/bot discord/venv/lib/python3.12/site-packages/discord/gateway.py", line 383, in from_client
    socket = await client.http.ws_connect(str(url))
             ^^^^^^^^^^^^^^^^^^^^^^^^^^^^^^^^^^^^^^
  File "/home/bilalsltgo/Documents/bot discord/venv/lib/python3.12/site-packages/discord/http.py", line 566, in ws_connect
    return await self.__session.ws_connect(url, **kwargs)
           ^^^^^^^^^^^^^^^^^^^^^^^^^^^^^^^^^^^^^^^^^^^^^^
  File "/home/bilalsltgo/Documents/bot discord/venv/lib/python3.12/site-packages/aiohttp/client.py", line 1076, in _ws_connect
    resp = await self.request(
           ^^^^^^^^^^^^^^^^^^^
  File "/home/bilalsltgo/Documents/bot discord/venv/lib/python3.12/site-packages/aiohttp/client.py", line 779, in _request
    resp = await handler(req)
           ^^^^^^^^^^^^^^^^^^
  File "/home/bilalsltgo/Documents/bot discord/venv/lib/python3.12/site-packages/aiohttp/client.py", line 734, in _connect_and_send_request
    conn = await self._connector.connect(
           ^^^^^^^^^^^^^^^^^^^^^^^^^^^^^^
  File "/home/bilalsltgo/Documents/bot discord/venv/lib/python3.12/site-packages/aiohttp/connector.py", line 672, in connect
    proto = await self._create_connection(req, traces, timeout)
            ^^^^^^^^^^^^^^^^^^^^^^^^^^^^^^^^^^^^^^^^^^^^^^^^^^^
  File "/home/bilalsltgo/Documents/bot discord/venv/lib/python3.12/site-packages/aiohttp/connector.py", line 1239, in _create_connection
    _, proto = await self._create_direct_connection(req, traces, timeout)
               ^^^^^^^^^^^^^^^^^^^^^^^^^^^^^^^^^^^^^^^^^^^^^^^^^^^^^^^^^^
  File "/home/bilalsltgo/Documents/bot discord/venv/lib/python3.12/site-packages/aiohttp/connector.py", line 1568, in _create_direct_connection
    raise ClientConnectorDNSError(req.connection_key, exc) from exc
aiohttp.client_exceptions.ClientConnectorDNSError: Cannot connect to host gateway-us-east1-b.discord.gg:443 ssl:default [Temporary failure in name resolution]
2026-02-03 12:20:20,504 - discord.client - ERROR - Attempting a reconnect in 26.54s
Traceback (most recent call last):
  File "/home/bilalsltgo/Documents/bot discord/venv/lib/python3.12/site-packages/aiohttp/connector.py", line 1562, in _create_direct_connection
    hosts = await self._resolve_host(host, port, traces=traces)
            ^^^^^^^^^^^^^^^^^^^^^^^^^^^^^^^^^^^^^^^^^^^^^^^^^^^
  File "/home/bilalsltgo/Documents/bot discord/venv/lib/python3.12/site-packages/aiohttp/connector.py", line 1178, in _resolve_host
    return await asyncio.shield(resolved_host_task)
           ^^^^^^^^^^^^^^^^^^^^^^^^^^^^^^^^^^^^^^^^
  File "/home/bilalsltgo/Documents/bot discord/venv/lib/python3.12/site-packages/aiohttp/connector.py", line 1209, in _resolve_host_with_throttle
    addrs = await self._resolver.resolve(host, port, family=self._family)
            ^^^^^^^^^^^^^^^^^^^^^^^^^^^^^^^^^^^^^^^^^^^^^^^^^^^^^^^^^^^^^
  File "/home/bilalsltgo/Documents/bot discord/venv/lib/python3.12/site-packages/aiohttp/resolver.py", line 40, in resolve
    infos = await self._loop.getaddrinfo(
            ^^^^^^^^^^^^^^^^^^^^^^^^^^^^^
  File "/usr/lib/python3.12/asyncio/base_events.py", line 901, in getaddrinfo
    return await self.run_in_executor(
           ^^^^^^^^^^^^^^^^^^^^^^^^^^^
  File "/usr/lib/python3.12/concurrent/futures/thread.py", line 58, in run
    result = self.fn(*self.args, **self.kwargs)
             ^^^^^^^^^^^^^^^^^^^^^^^^^^^^^^^^^^
  File "/usr/lib/python3.12/socket.py", line 963, in getaddrinfo
    for res in _socket.getaddrinfo(host, port, family, type, proto, flags):
               ^^^^^^^^^^^^^^^^^^^^^^^^^^^^^^^^^^^^^^^^^^^^^^^^^^^^^^^^^^^
socket.gaierror: [Errno -3] Temporary failure in name resolution

The above exception was the direct cause of the following exception:

Traceback (most recent call last):
  File "/home/bilalsltgo/Documents/bot discord/venv/lib/python3.12/site-packages/discord/client.py", line 724, in connect
    self.ws = await asyncio.wait_for(coro, timeout=60.0)
              ^^^^^^^^^^^^^^^^^^^^^^^^^^^^^^^^^^^^^^^^^^
  File "/usr/lib/python3.12/asyncio/tasks.py", line 520, in wait_for
    return await fut
           ^^^^^^^^^
  File "/home/bilalsltgo/Documents/bot discord/venv/lib/python3.12/site-packages/discord/gateway.py", line 383, in from_client
    socket = await client.http.ws_connect(str(url))
             ^^^^^^^^^^^^^^^^^^^^^^^^^^^^^^^^^^^^^^
  File "/home/bilalsltgo/Documents/bot discord/venv/lib/python3.12/site-packages/discord/http.py", line 566, in ws_connect
    return await self.__session.ws_connect(url, **kwargs)
           ^^^^^^^^^^^^^^^^^^^^^^^^^^^^^^^^^^^^^^^^^^^^^^
  File "/home/bilalsltgo/Documents/bot discord/venv/lib/python3.12/site-packages/aiohttp/client.py", line 1076, in _ws_connect
    resp = await self.request(
           ^^^^^^^^^^^^^^^^^^^
  File "/home/bilalsltgo/Documents/bot discord/venv/lib/python3.12/site-packages/aiohttp/client.py", line 779, in _request
    resp = await handler(req)
           ^^^^^^^^^^^^^^^^^^
  File "/home/bilalsltgo/Documents/bot discord/venv/lib/python3.12/site-packages/aiohttp/client.py", line 734, in _connect_and_send_request
    conn = await self._connector.connect(
           ^^^^^^^^^^^^^^^^^^^^^^^^^^^^^^
  File "/home/bilalsltgo/Documents/bot discord/venv/lib/python3.12/site-packages/aiohttp/connector.py", line 672, in connect
    proto = await self._create_connection(req, traces, timeout)
            ^^^^^^^^^^^^^^^^^^^^^^^^^^^^^^^^^^^^^^^^^^^^^^^^^^^
  File "/home/bilalsltgo/Documents/bot discord/venv/lib/python3.12/site-packages/aiohttp/connector.py", line 1239, in _create_connection
    _, proto = await self._create_direct_connection(req, traces, timeout)
               ^^^^^^^^^^^^^^^^^^^^^^^^^^^^^^^^^^^^^^^^^^^^^^^^^^^^^^^^^^
  File "/home/bilalsltgo/Documents/bot discord/venv/lib/python3.12/site-packages/aiohttp/connector.py", line 1568, in _create_direct_connection
    raise ClientConnectorDNSError(req.connection_key, exc) from exc
aiohttp.client_exceptions.ClientConnectorDNSError: Cannot connect to host gateway-us-east1-b.discord.gg:443 ssl:default [Temporary failure in name resolution]
2026-02-03 12:20:47,051 - discord.client - ERROR - Attempting a reconnect in 103.07s
Traceback (most recent call last):
  File "/home/bilalsltgo/Documents/bot discord/venv/lib/python3.12/site-packages/aiohttp/connector.py", line 1562, in _create_direct_connection
    hosts = await self._resolve_host(host, port, traces=traces)
            ^^^^^^^^^^^^^^^^^^^^^^^^^^^^^^^^^^^^^^^^^^^^^^^^^^^
  File "/home/bilalsltgo/Documents/bot discord/venv/lib/python3.12/site-packages/aiohttp/connector.py", line 1178, in _resolve_host
    return await asyncio.shield(resolved_host_task)
           ^^^^^^^^^^^^^^^^^^^^^^^^^^^^^^^^^^^^^^^^
  File "/home/bilalsltgo/Documents/bot discord/venv/lib/python3.12/site-packages/aiohttp/connector.py", line 1209, in _resolve_host_with_throttle
    addrs = await self._resolver.resolve(host, port, family=self._family)
            ^^^^^^^^^^^^^^^^^^^^^^^^^^^^^^^^^^^^^^^^^^^^^^^^^^^^^^^^^^^^^
  File "/home/bilalsltgo/Documents/bot discord/venv/lib/python3.12/site-packages/aiohttp/resolver.py", line 40, in resolve
    infos = await self._loop.getaddrinfo(
            ^^^^^^^^^^^^^^^^^^^^^^^^^^^^^
  File "/usr/lib/python3.12/asyncio/base_events.py", line 901, in getaddrinfo
    return await self.run_in_executor(
           ^^^^^^^^^^^^^^^^^^^^^^^^^^^
  File "/usr/lib/python3.12/concurrent/futures/thread.py", line 58, in run
    result = self.fn(*self.args, **self.kwargs)
             ^^^^^^^^^^^^^^^^^^^^^^^^^^^^^^^^^^
  File "/usr/lib/python3.12/socket.py", line 963, in getaddrinfo
    for res in _socket.getaddrinfo(host, port, family, type, proto, flags):
               ^^^^^^^^^^^^^^^^^^^^^^^^^^^^^^^^^^^^^^^^^^^^^^^^^^^^^^^^^^^
socket.gaierror: [Errno -3] Temporary failure in name resolution

The above exception was the direct cause of the following exception:

Traceback (most recent call last):
  File "/home/bilalsltgo/Documents/bot discord/venv/lib/python3.12/site-packages/discord/client.py", line 724, in connect
    self.ws = await asyncio.wait_for(coro, timeout=60.0)
              ^^^^^^^^^^^^^^^^^^^^^^^^^^^^^^^^^^^^^^^^^^
  File "/usr/lib/python3.12/asyncio/tasks.py", line 520, in wait_for
    return await fut
           ^^^^^^^^^
  File "/home/bilalsltgo/Documents/bot discord/venv/lib/python3.12/site-packages/discord/gateway.py", line 383, in from_client
    socket = await client.http.ws_connect(str(url))
             ^^^^^^^^^^^^^^^^^^^^^^^^^^^^^^^^^^^^^^
  File "/home/bilalsltgo/Documents/bot discord/venv/lib/python3.12/site-packages/discord/http.py", line 566, in ws_connect
    return await self.__session.ws_connect(url, **kwargs)
           ^^^^^^^^^^^^^^^^^^^^^^^^^^^^^^^^^^^^^^^^^^^^^^
  File "/home/bilalsltgo/Documents/bot discord/venv/lib/python3.12/site-packages/aiohttp/client.py", line 1076, in _ws_connect
    resp = await self.request(
           ^^^^^^^^^^^^^^^^^^^
  File "/home/bilalsltgo/Documents/bot discord/venv/lib/python3.12/site-packages/aiohttp/client.py", line 779, in _request
    resp = await handler(req)
           ^^^^^^^^^^^^^^^^^^
  File "/home/bilalsltgo/Documents/bot discord/venv/lib/python3.12/site-packages/aiohttp/client.py", line 734, in _connect_and_send_request
    conn = await self._connector.connect(
           ^^^^^^^^^^^^^^^^^^^^^^^^^^^^^^
  File "/home/bilalsltgo/Documents/bot discord/venv/lib/python3.12/site-packages/aiohttp/connector.py", line 672, in connect
    proto = await self._create_connection(req, traces, timeout)
            ^^^^^^^^^^^^^^^^^^^^^^^^^^^^^^^^^^^^^^^^^^^^^^^^^^^
  File "/home/bilalsltgo/Documents/bot discord/venv/lib/python3.12/site-packages/aiohttp/connector.py", line 1239, in _create_connection
    _, proto = await self._create_direct_connection(req, traces, timeout)
               ^^^^^^^^^^^^^^^^^^^^^^^^^^^^^^^^^^^^^^^^^^^^^^^^^^^^^^^^^^
  File "/home/bilalsltgo/Documents/bot discord/venv/lib/python3.12/site-packages/aiohttp/connector.py", line 1568, in _create_direct_connection
    raise ClientConnectorDNSError(req.connection_key, exc) from exc
aiohttp.client_exceptions.ClientConnectorDNSError: Cannot connect to host gateway-us-east1-b.discord.gg:443 ssl:default [Temporary failure in name resolution]
2026-02-03 12:22:30,349 - discord.gateway - INFO - Shard ID None session has been invalidated.
2026-02-03 12:22:35,838 - discord.gateway - INFO - Shard ID None has connected to Gateway (Session ID: 6440e8036a10e5e69d1f467c1e3dc9be).
2026-02-03 12:22:37,858 - __main__ - INFO - ==================================================
2026-02-03 12:22:37,858 - __main__ - INFO - ü§ñ Bot connect√© en tant que Bot test#3766
2026-02-03 12:22:37,858 - __main__ - INFO - üìä ID: 1467915001149915207
2026-02-03 12:22:37,858 - __main__ - INFO - üåê Serveurs: 1
2026-02-03 12:22:37,858 - __main__ - INFO - üë• Utilisateurs: 3
2026-02-03 12:22:37,858 - __main__ - INFO - ==================================================
2026-02-03 12:28:56,531 - discord.gateway - INFO - Shard ID None has successfully RESUMED session 6440e8036a10e5e69d1f467c1e3dc9be.
2026-02-03 13:02:15,311 - discord.client - ERROR - Attempting a reconnect in 1.69s
Traceback (most recent call last):
  File "/home/bilalsltgo/Documents/bot discord/venv/lib/python3.12/site-packages/aiohttp/connector.py", line 1562, in _create_direct_connection
    hosts = await self._resolve_host(host, port, traces=traces)
            ^^^^^^^^^^^^^^^^^^^^^^^^^^^^^^^^^^^^^^^^^^^^^^^^^^^
  File "/home/bilalsltgo/Documents/bot discord/venv/lib/python3.12/site-packages/aiohttp/connector.py", line 1178, in _resolve_host
    return await asyncio.shield(resolved_host_task)
           ^^^^^^^^^^^^^^^^^^^^^^^^^^^^^^^^^^^^^^^^
  File "/home/bilalsltgo/Documents/bot discord/venv/lib/python3.12/site-packages/aiohttp/connector.py", line 1209, in _resolve_host_with_throttle
    addrs = await self._resolver.resolve(host, port, family=self._family)
            ^^^^^^^^^^^^^^^^^^^^^^^^^^^^^^^^^^^^^^^^^^^^^^^^^^^^^^^^^^^^^
  File "/home/bilalsltgo/Documents/bot discord/venv/lib/python3.12/site-packages/aiohttp/resolver.py", line 40, in resolve
    infos = await self._loop.getaddrinfo(
            ^^^^^^^^^^^^^^^^^^^^^^^^^^^^^
  File "/usr/lib/python3.12/asyncio/base_events.py", line 901, in getaddrinfo
    return await self.run_in_executor(
           ^^^^^^^^^^^^^^^^^^^^^^^^^^^
  File "/usr/lib/python3.12/concurrent/futures/thread.py", line 58, in run
    result = self.fn(*self.args, **self.kwargs)
             ^^^^^^^^^^^^^^^^^^^^^^^^^^^^^^^^^^
  File "/usr/lib/python3.12/socket.py", line 963, in getaddrinfo
    for res in _socket.getaddrinfo(host, port, family, type, proto, flags):
               ^^^^^^^^^^^^^^^^^^^^^^^^^^^^^^^^^^^^^^^^^^^^^^^^^^^^^^^^^^^
socket.gaierror: [Errno -3] Temporary failure in name resolution

The above exception was the direct cause of the following exception:

Traceback (most recent call last):
  File "/home/bilalsltgo/Documents/bot discord/venv/lib/python3.12/site-packages/discord/client.py", line 724, in connect
    self.ws = await asyncio.wait_for(coro, timeout=60.0)
              ^^^^^^^^^^^^^^^^^^^^^^^^^^^^^^^^^^^^^^^^^^
  File "/usr/lib/python3.12/asyncio/tasks.py", line 520, in wait_for
    return await fut
           ^^^^^^^^^
  File "/home/bilalsltgo/Documents/bot discord/venv/lib/python3.12/site-packages/discord/gateway.py", line 383, in from_client
    socket = await client.http.ws_connect(str(url))
             ^^^^^^^^^^^^^^^^^^^^^^^^^^^^^^^^^^^^^^
  File "/home/bilalsltgo/Documents/bot discord/venv/lib/python3.12/site-packages/discord/http.py", line 566, in ws_connect
    return await self.__session.ws_connect(url, **kwargs)
           ^^^^^^^^^^^^^^^^^^^^^^^^^^^^^^^^^^^^^^^^^^^^^^
  File "/home/bilalsltgo/Documents/bot discord/venv/lib/python3.12/site-packages/aiohttp/client.py", line 1076, in _ws_connect
    resp = await self.request(
           ^^^^^^^^^^^^^^^^^^^
  File "/home/bilalsltgo/Documents/bot discord/venv/lib/python3.12/site-packages/aiohttp/client.py", line 779, in _request
    resp = await handler(req)
           ^^^^^^^^^^^^^^^^^^
  File "/home/bilalsltgo/Documents/bot discord/venv/lib/python3.12/site-packages/aiohttp/client.py", line 734, in _connect_and_send_request
    conn = await self._connector.connect(
           ^^^^^^^^^^^^^^^^^^^^^^^^^^^^^^
  File "/home/bilalsltgo/Documents/bot discord/venv/lib/python3.12/site-packages/aiohttp/connector.py", line 672, in connect
    proto = await self._create_connection(req, traces, timeout)
            ^^^^^^^^^^^^^^^^^^^^^^^^^^^^^^^^^^^^^^^^^^^^^^^^^^^
  File "/home/bilalsltgo/Documents/bot discord/venv/lib/python3.12/site-packages/aiohttp/connector.py", line 1239, in _create_connection
    _, proto = await self._create_direct_connection(req, traces, timeout)
               ^^^^^^^^^^^^^^^^^^^^^^^^^^^^^^^^^^^^^^^^^^^^^^^^^^^^^^^^^^
  File "/home/bilalsltgo/Documents/bot discord/venv/lib/python3.12/site-packages/aiohttp/connector.py", line 1568, in _create_direct_connection
    raise ClientConnectorDNSError(req.connection_key, exc) from exc
aiohttp.client_exceptions.ClientConnectorDNSError: Cannot connect to host gateway-us-east1-b.discord.gg:443 ssl:default [Temporary failure in name resolution]
2026-02-03 13:02:17,001 - discord.client - ERROR - Attempting a reconnect in 1.23s
Traceback (most recent call last):
  File "/home/bilalsltgo/Documents/bot discord/venv/lib/python3.12/site-packages/aiohttp/connector.py", line 1562, in _create_direct_connection
    hosts = await self._resolve_host(host, port, traces=traces)
            ^^^^^^^^^^^^^^^^^^^^^^^^^^^^^^^^^^^^^^^^^^^^^^^^^^^
  File "/home/bilalsltgo/Documents/bot discord/venv/lib/python3.12/site-packages/aiohttp/connector.py", line 1178, in _resolve_host
    return await asyncio.shield(resolved_host_task)
           ^^^^^^^^^^^^^^^^^^^^^^^^^^^^^^^^^^^^^^^^
  File "/home/bilalsltgo/Documents/bot discord/venv/lib/python3.12/site-packages/aiohttp/connector.py", line 1209, in _resolve_host_with_throttle
    addrs = await self._resolver.resolve(host, port, family=self._family)
            ^^^^^^^^^^^^^^^^^^^^^^^^^^^^^^^^^^^^^^^^^^^^^^^^^^^^^^^^^^^^^
  File "/home/bilalsltgo/Documents/bot discord/venv/lib/python3.12/site-packages/aiohttp/resolver.py", line 40, in resolve
    infos = await self._loop.getaddrinfo(
            ^^^^^^^^^^^^^^^^^^^^^^^^^^^^^
  File "/usr/lib/python3.12/asyncio/base_events.py", line 901, in getaddrinfo
    return await self.run_in_executor(
           ^^^^^^^^^^^^^^^^^^^^^^^^^^^
  File "/usr/lib/python3.12/concurrent/futures/thread.py", line 58, in run
    result = self.fn(*self.args, **self.kwargs)
             ^^^^^^^^^^^^^^^^^^^^^^^^^^^^^^^^^^
  File "/usr/lib/python3.12/socket.py", line 963, in getaddrinfo
    for res in _socket.getaddrinfo(host, port, family, type, proto, flags):
               ^^^^^^^^^^^^^^^^^^^^^^^^^^^^^^^^^^^^^^^^^^^^^^^^^^^^^^^^^^^
socket.gaierror: [Errno -3] Temporary failure in name resolution

The above exception was the direct cause of the following exception:

Traceback (most recent call last):
  File "/home/bilalsltgo/Documents/bot discord/venv/lib/python3.12/site-packages/discord/client.py", line 724, in connect
    self.ws = await asyncio.wait_for(coro, timeout=60.0)
              ^^^^^^^^^^^^^^^^^^^^^^^^^^^^^^^^^^^^^^^^^^
  File "/usr/lib/python3.12/asyncio/tasks.py", line 520, in wait_for
    return await fut
           ^^^^^^^^^
  File "/home/bilalsltgo/Documents/bot discord/venv/lib/python3.12/site-packages/discord/gateway.py", line 383, in from_client
    socket = await client.http.ws_connect(str(url))
             ^^^^^^^^^^^^^^^^^^^^^^^^^^^^^^^^^^^^^^
  File "/home/bilalsltgo/Documents/bot discord/venv/lib/python3.12/site-packages/discord/http.py", line 566, in ws_connect
    return await self.__session.ws_connect(url, **kwargs)
           ^^^^^^^^^^^^^^^^^^^^^^^^^^^^^^^^^^^^^^^^^^^^^^
  File "/home/bilalsltgo/Documents/bot discord/venv/lib/python3.12/site-packages/aiohttp/client.py", line 1076, in _ws_connect
    resp = await self.request(
           ^^^^^^^^^^^^^^^^^^^
  File "/home/bilalsltgo/Documents/bot discord/venv/lib/python3.12/site-packages/aiohttp/client.py", line 779, in _request
    resp = await handler(req)
           ^^^^^^^^^^^^^^^^^^
  File "/home/bilalsltgo/Documents/bot discord/venv/lib/python3.12/site-packages/aiohttp/client.py", line 734, in _connect_and_send_request
    conn = await self._connector.connect(
           ^^^^^^^^^^^^^^^^^^^^^^^^^^^^^^
  File "/home/bilalsltgo/Documents/bot discord/venv/lib/python3.12/site-packages/aiohttp/connector.py", line 672, in connect
    proto = await self._create_connection(req, traces, timeout)
            ^^^^^^^^^^^^^^^^^^^^^^^^^^^^^^^^^^^^^^^^^^^^^^^^^^^
  File "/home/bilalsltgo/Documents/bot discord/venv/lib/python3.12/site-packages/aiohttp/connector.py", line 1239, in _create_connection
    _, proto = await self._create_direct_connection(req, traces, timeout)
               ^^^^^^^^^^^^^^^^^^^^^^^^^^^^^^^^^^^^^^^^^^^^^^^^^^^^^^^^^^
  File "/home/bilalsltgo/Documents/bot discord/venv/lib/python3.12/site-packages/aiohttp/connector.py", line 1568, in _create_direct_connection
    raise ClientConnectorDNSError(req.connection_key, exc) from exc
aiohttp.client_exceptions.ClientConnectorDNSError: Cannot connect to host gateway-us-east1-b.discord.gg:443 ssl:default [Temporary failure in name resolution]
2026-02-03 13:02:18,234 - discord.client - ERROR - Attempting a reconnect in 1.26s
Traceback (most recent call last):
  File "/home/bilalsltgo/Documents/bot discord/venv/lib/python3.12/site-packages/aiohttp/connector.py", line 1562, in _create_direct_connection
    hosts = await self._resolve_host(host, port, traces=traces)
            ^^^^^^^^^^^^^^^^^^^^^^^^^^^^^^^^^^^^^^^^^^^^^^^^^^^
  File "/home/bilalsltgo/Documents/bot discord/venv/lib/python3.12/site-packages/aiohttp/connector.py", line 1178, in _resolve_host
    return await asyncio.shield(resolved_host_task)
           ^^^^^^^^^^^^^^^^^^^^^^^^^^^^^^^^^^^^^^^^
  File "/home/bilalsltgo/Documents/bot discord/venv/lib/python3.12/site-packages/aiohttp/connector.py", line 1209, in _resolve_host_with_throttle
    addrs = await self._resolver.resolve(host, port, family=self._family)
            ^^^^^^^^^^^^^^^^^^^^^^^^^^^^^^^^^^^^^^^^^^^^^^^^^^^^^^^^^^^^^
  File "/home/bilalsltgo/Documents/bot discord/venv/lib/python3.12/site-packages/aiohttp/resolver.py", line 40, in resolve
    infos = await self._loop.getaddrinfo(
            ^^^^^^^^^^^^^^^^^^^^^^^^^^^^^
  File "/usr/lib/python3.12/asyncio/base_events.py", line 901, in getaddrinfo
    return await self.run_in_executor(
           ^^^^^^^^^^^^^^^^^^^^^^^^^^^
  File "/usr/lib/python3.12/concurrent/futures/thread.py", line 58, in run
    result = self.fn(*self.args, **self.kwargs)
             ^^^^^^^^^^^^^^^^^^^^^^^^^^^^^^^^^^
  File "/usr/lib/python3.12/socket.py", line 963, in getaddrinfo
    for res in _socket.getaddrinfo(host, port, family, type, proto, flags):
               ^^^^^^^^^^^^^^^^^^^^^^^^^^^^^^^^^^^^^^^^^^^^^^^^^^^^^^^^^^^
socket.gaierror: [Errno -3] Temporary failure in name resolution

The above exception was the direct cause of the following exception:

Traceback (most recent call last):
  File "/home/bilalsltgo/Documents/bot discord/venv/lib/python3.12/site-packages/discord/client.py", line 724, in connect
    self.ws = await asyncio.wait_for(coro, timeout=60.0)
              ^^^^^^^^^^^^^^^^^^^^^^^^^^^^^^^^^^^^^^^^^^
  File "/usr/lib/python3.12/asyncio/tasks.py", line 520, in wait_for
    return await fut
           ^^^^^^^^^
  File "/home/bilalsltgo/Documents/bot discord/venv/lib/python3.12/site-packages/discord/gateway.py", line 383, in from_client
    socket = await client.http.ws_connect(str(url))
             ^^^^^^^^^^^^^^^^^^^^^^^^^^^^^^^^^^^^^^
  File "/home/bilalsltgo/Documents/bot discord/venv/lib/python3.12/site-packages/discord/http.py", line 566, in ws_connect
    return await self.__session.ws_connect(url, **kwargs)
           ^^^^^^^^^^^^^^^^^^^^^^^^^^^^^^^^^^^^^^^^^^^^^^
  File "/home/bilalsltgo/Documents/bot discord/venv/lib/python3.12/site-packages/aiohttp/client.py", line 1076, in _ws_connect
    resp = await self.request(
           ^^^^^^^^^^^^^^^^^^^
  File "/home/bilalsltgo/Documents/bot discord/venv/lib/python3.12/site-packages/aiohttp/client.py", line 779, in _request
    resp = await handler(req)
           ^^^^^^^^^^^^^^^^^^
  File "/home/bilalsltgo/Documents/bot discord/venv/lib/python3.12/site-packages/aiohttp/client.py", line 734, in _connect_and_send_request
    conn = await self._connector.connect(
           ^^^^^^^^^^^^^^^^^^^^^^^^^^^^^^
  File "/home/bilalsltgo/Documents/bot discord/venv/lib/python3.12/site-packages/aiohttp/connector.py", line 672, in connect
    proto = await self._create_connection(req, traces, timeout)
            ^^^^^^^^^^^^^^^^^^^^^^^^^^^^^^^^^^^^^^^^^^^^^^^^^^^
  File "/home/bilalsltgo/Documents/bot discord/venv/lib/python3.12/site-packages/aiohttp/connector.py", line 1239, in _create_connection
    _, proto = await self._create_direct_connection(req, traces, timeout)
               ^^^^^^^^^^^^^^^^^^^^^^^^^^^^^^^^^^^^^^^^^^^^^^^^^^^^^^^^^^
  File "/home/bilalsltgo/Documents/bot discord/venv/lib/python3.12/site-packages/aiohttp/connector.py", line 1568, in _create_direct_connection
    raise ClientConnectorDNSError(req.connection_key, exc) from exc
aiohttp.client_exceptions.ClientConnectorDNSError: Cannot connect to host gateway-us-east1-b.discord.gg:443 ssl:default [Temporary failure in name resolution]
2026-02-03 13:02:19,501 - discord.client - ERROR - Attempting a reconnect in 8.45s
Traceback (most recent call last):
  File "/home/bilalsltgo/Documents/bot discord/venv/lib/python3.12/site-packages/aiohttp/connector.py", line 1562, in _create_direct_connection
    hosts = await self._resolve_host(host, port, traces=traces)
            ^^^^^^^^^^^^^^^^^^^^^^^^^^^^^^^^^^^^^^^^^^^^^^^^^^^
  File "/home/bilalsltgo/Documents/bot discord/venv/lib/python3.12/site-packages/aiohttp/connector.py", line 1178, in _resolve_host
    return await asyncio.shield(resolved_host_task)
           ^^^^^^^^^^^^^^^^^^^^^^^^^^^^^^^^^^^^^^^^
  File "/home/bilalsltgo/Documents/bot discord/venv/lib/python3.12/site-packages/aiohttp/connector.py", line 1209, in _resolve_host_with_throttle
    addrs = await self._resolver.resolve(host, port, family=self._family)
            ^^^^^^^^^^^^^^^^^^^^^^^^^^^^^^^^^^^^^^^^^^^^^^^^^^^^^^^^^^^^^
  File "/home/bilalsltgo/Documents/bot discord/venv/lib/python3.12/site-packages/aiohttp/resolver.py", line 40, in resolve
    infos = await self._loop.getaddrinfo(
            ^^^^^^^^^^^^^^^^^^^^^^^^^^^^^
  File "/usr/lib/python3.12/asyncio/base_events.py", line 901, in getaddrinfo
    return await self.run_in_executor(
           ^^^^^^^^^^^^^^^^^^^^^^^^^^^
  File "/usr/lib/python3.12/concurrent/futures/thread.py", line 58, in run
    result = self.fn(*self.args, **self.kwargs)
             ^^^^^^^^^^^^^^^^^^^^^^^^^^^^^^^^^^
  File "/usr/lib/python3.12/socket.py", line 963, in getaddrinfo
    for res in _socket.getaddrinfo(host, port, family, type, proto, flags):
               ^^^^^^^^^^^^^^^^^^^^^^^^^^^^^^^^^^^^^^^^^^^^^^^^^^^^^^^^^^^
socket.gaierror: [Errno -3] Temporary failure in name resolution

The above exception was the direct cause of the following exception:

Traceback (most recent call last):
  File "/home/bilalsltgo/Documents/bot discord/venv/lib/python3.12/site-packages/discord/client.py", line 724, in connect
    self.ws = await asyncio.wait_for(coro, timeout=60.0)
              ^^^^^^^^^^^^^^^^^^^^^^^^^^^^^^^^^^^^^^^^^^
  File "/usr/lib/python3.12/asyncio/tasks.py", line 520, in wait_for
    return await fut
           ^^^^^^^^^
  File "/home/bilalsltgo/Documents/bot discord/venv/lib/python3.12/site-packages/discord/gateway.py", line 383, in from_client
    socket = await client.http.ws_connect(str(url))
             ^^^^^^^^^^^^^^^^^^^^^^^^^^^^^^^^^^^^^^
  File "/home/bilalsltgo/Documents/bot discord/venv/lib/python3.12/site-packages/discord/http.py", line 566, in ws_connect
    return await self.__session.ws_connect(url, **kwargs)
           ^^^^^^^^^^^^^^^^^^^^^^^^^^^^^^^^^^^^^^^^^^^^^^
  File "/home/bilalsltgo/Documents/bot discord/venv/lib/python3.12/site-packages/aiohttp/client.py", line 1076, in _ws_connect
    resp = await self.request(
           ^^^^^^^^^^^^^^^^^^^
  File "/home/bilalsltgo/Documents/bot discord/venv/lib/python3.12/site-packages/aiohttp/client.py", line 779, in _request
    resp = await handler(req)
           ^^^^^^^^^^^^^^^^^^
  File "/home/bilalsltgo/Documents/bot discord/venv/lib/python3.12/site-packages/aiohttp/client.py", line 734, in _connect_and_send_request
    conn = await self._connector.connect(
           ^^^^^^^^^^^^^^^^^^^^^^^^^^^^^^
  File "/home/bilalsltgo/Documents/bot discord/venv/lib/python3.12/site-packages/aiohttp/connector.py", line 672, in connect
    proto = await self._create_connection(req, traces, timeout)
            ^^^^^^^^^^^^^^^^^^^^^^^^^^^^^^^^^^^^^^^^^^^^^^^^^^^
  File "/home/bilalsltgo/Documents/bot discord/venv/lib/python3.12/site-packages/aiohttp/connector.py", line 1239, in _create_connection
    _, proto = await self._create_direct_connection(req, traces, timeout)
               ^^^^^^^^^^^^^^^^^^^^^^^^^^^^^^^^^^^^^^^^^^^^^^^^^^^^^^^^^^
  File "/home/bilalsltgo/Documents/bot discord/venv/lib/python3.12/site-packages/aiohttp/connector.py", line 1568, in _create_direct_connection
    raise ClientConnectorDNSError(req.connection_key, exc) from exc
aiohttp.client_exceptions.ClientConnectorDNSError: Cannot connect to host gateway-us-east1-b.discord.gg:443 ssl:default [Temporary failure in name resolution]
2026-02-03 13:02:27,960 - discord.client - ERROR - Attempting a reconnect in 6.65s
Traceback (most recent call last):
  File "/home/bilalsltgo/Documents/bot discord/venv/lib/python3.12/site-packages/aiohttp/connector.py", line 1562, in _create_direct_connection
    hosts = await self._resolve_host(host, port, traces=traces)
            ^^^^^^^^^^^^^^^^^^^^^^^^^^^^^^^^^^^^^^^^^^^^^^^^^^^
  File "/home/bilalsltgo/Documents/bot discord/venv/lib/python3.12/site-packages/aiohttp/connector.py", line 1178, in _resolve_host
    return await asyncio.shield(resolved_host_task)
           ^^^^^^^^^^^^^^^^^^^^^^^^^^^^^^^^^^^^^^^^
  File "/home/bilalsltgo/Documents/bot discord/venv/lib/python3.12/site-packages/aiohttp/connector.py", line 1209, in _resolve_host_with_throttle
    addrs = await self._resolver.resolve(host, port, family=self._family)
            ^^^^^^^^^^^^^^^^^^^^^^^^^^^^^^^^^^^^^^^^^^^^^^^^^^^^^^^^^^^^^
  File "/home/bilalsltgo/Documents/bot discord/venv/lib/python3.12/site-packages/aiohttp/resolver.py", line 40, in resolve
    infos = await self._loop.getaddrinfo(
            ^^^^^^^^^^^^^^^^^^^^^^^^^^^^^
  File "/usr/lib/python3.12/asyncio/base_events.py", line 901, in getaddrinfo
    return await self.run_in_executor(
           ^^^^^^^^^^^^^^^^^^^^^^^^^^^
  File "/usr/lib/python3.12/concurrent/futures/thread.py", line 58, in run
    result = self.fn(*self.args, **self.kwargs)
             ^^^^^^^^^^^^^^^^^^^^^^^^^^^^^^^^^^
  File "/usr/lib/python3.12/socket.py", line 963, in getaddrinfo
    for res in _socket.getaddrinfo(host, port, family, type, proto, flags):
               ^^^^^^^^^^^^^^^^^^^^^^^^^^^^^^^^^^^^^^^^^^^^^^^^^^^^^^^^^^^
socket.gaierror: [Errno -3] Temporary failure in name resolution

The above exception was the direct cause of the following exception:

Traceback (most recent call last):
  File "/home/bilalsltgo/Documents/bot discord/venv/lib/python3.12/site-packages/discord/client.py", line 724, in connect
    self.ws = await asyncio.wait_for(coro, timeout=60.0)
              ^^^^^^^^^^^^^^^^^^^^^^^^^^^^^^^^^^^^^^^^^^
  File "/usr/lib/python3.12/asyncio/tasks.py", line 520, in wait_for
    return await fut
           ^^^^^^^^^
  File "/home/bilalsltgo/Documents/bot discord/venv/lib/python3.12/site-packages/discord/gateway.py", line 383, in from_client
    socket = await client.http.ws_connect(str(url))
             ^^^^^^^^^^^^^^^^^^^^^^^^^^^^^^^^^^^^^^
  File "/home/bilalsltgo/Documents/bot discord/venv/lib/python3.12/site-packages/discord/http.py", line 566, in ws_connect
    return await self.__session.ws_connect(url, **kwargs)
           ^^^^^^^^^^^^^^^^^^^^^^^^^^^^^^^^^^^^^^^^^^^^^^
  File "/home/bilalsltgo/Documents/bot discord/venv/lib/python3.12/site-packages/aiohttp/client.py", line 1076, in _ws_connect
    resp = await self.request(
           ^^^^^^^^^^^^^^^^^^^
  File "/home/bilalsltgo/Documents/bot discord/venv/lib/python3.12/site-packages/aiohttp/client.py", line 779, in _request
    resp = await handler(req)
           ^^^^^^^^^^^^^^^^^^
  File "/home/bilalsltgo/Documents/bot discord/venv/lib/python3.12/site-packages/aiohttp/client.py", line 734, in _connect_and_send_request
    conn = await self._connector.connect(
           ^^^^^^^^^^^^^^^^^^^^^^^^^^^^^^
  File "/home/bilalsltgo/Documents/bot discord/venv/lib/python3.12/site-packages/aiohttp/connector.py", line 672, in connect
    proto = await self._create_connection(req, traces, timeout)
            ^^^^^^^^^^^^^^^^^^^^^^^^^^^^^^^^^^^^^^^^^^^^^^^^^^^
  File "/home/bilalsltgo/Documents/bot discord/venv/lib/python3.12/site-packages/aiohttp/connector.py", line 1239, in _create_connection
    _, proto = await self._create_direct_connection(req, traces, timeout)
               ^^^^^^^^^^^^^^^^^^^^^^^^^^^^^^^^^^^^^^^^^^^^^^^^^^^^^^^^^^
  File "/home/bilalsltgo/Documents/bot discord/venv/lib/python3.12/site-packages/aiohttp/connector.py", line 1568, in _create_direct_connection
    raise ClientConnectorDNSError(req.connection_key, exc) from exc
aiohttp.client_exceptions.ClientConnectorDNSError: Cannot connect to host gateway-us-east1-b.discord.gg:443 ssl:default [Temporary failure in name resolution]
2026-02-03 13:02:34,863 - discord.gateway - INFO - Shard ID None has successfully RESUMED session 6440e8036a10e5e69d1f467c1e3dc9be.
